<?xml version="1.0" encoding="UTF-8"?>
<robot generator="Robot 4.0.1 (Python 3.9.4 on win32)" generated="20210915 12:04:34.756" rpa="false" schemaversion="2">
<suite id="s1" name="TesteCase" source="C:\Users\Andre\Desktop\Luis\Estudos\Linguagem de Programação\Robot Framework - VS Code\Teste Books (API)\Teste\TesteCase.robot">
<kw name="Iniciar Sessão API" library="configBooks" type="SETUP">
<kw name="Create Session" library="RequestsLibrary">
<arg>fakeAPI</arg>
<arg>${URL_API}</arg>
<doc>Create Session: create a HTTP session to a server</doc>
<msg timestamp="20210915 12:04:35.061" level="INFO">Creating Session using : alias=fakeAPI, url=https://fakerestapi.azurewebsites.net/api/v1/, headers={},                     cookies={}, auth=None, timeout=None, proxies=None, verify=False,                     debug=0 </msg>
<status status="PASS" starttime="20210915 12:04:35.060" endtime="20210915 12:04:35.062"/>
</kw>
<status status="PASS" starttime="20210915 12:04:35.060" endtime="20210915 12:04:35.062"/>
</kw>
<test id="s1-t1" name="CT01: Buscar a listagem de todos os livros (GET em todos os livros)">
<kw name="Requisitar todos os livros" library="configBooks">
<kw name="Get On Session" library="RequestsLibrary">
<var>${Resposta}</var>
<arg>fakeAPI</arg>
<arg>Books</arg>
<doc>Sends a GET request on a previously created HTTP Session.</doc>
<msg timestamp="20210915 12:04:49.085" level="INFO">GET Request : url=https://fakerestapi.azurewebsites.net/api/v1/Books 
 path_url=/api/v1/Books 
 headers={'User-Agent': 'python-requests/2.25.1', 'Accept-Encoding': 'gzip, deflate', 'Accept': '*/*', 'Connection': 'keep-alive'} 
 body=None 
 </msg>
<msg timestamp="20210915 12:04:49.087" level="INFO">GET Response : url=https://fakerestapi.azurewebsites.net/api/v1/Books 
 status=200, reason=OK 
 headers={'Transfer-Encoding': 'chunked', 'Content-Type': 'application/json; charset=utf-8; v=1.0', 'Server': 'Kestrel', 'api-supported-versions': '1.0', 'Date': 'Wed, 15 Sep 2021 15:04:36 GMT'} 
 body=[{"id":1,"title":"Book 1","description":"Ut gubergren esse dolores kasd lorem sit ipsum amet facilisi. Lobortis ut dolor sanctus sit amet facilisis dolor nibh et vel consetetur stet luptatum euismod erat et dignissim. Sit dolore invidunt dolore dolores justo luptatum sit imperdiet zzril. Sea diam consequat iriure nisl clita ea consectetuer labore. Eirmod eirmod qui sanctus facer clita sanctus justo amet dolor in ut. Liber et diam ipsum rebum sanctus eos invidunt kasd eos amet. Dolor nam sit dolores dolor dolor vel dolore. Dolore nonumy augue ipsum consetetur eleifend nisl laoreet et dolore sit tempor sadipscing sit congue et. Gubergren dolor eos erat eirmod odio praesent amet hendrerit doming dolor in nulla magna. Clita dolor sed aliquyam sadipscing ut facilisi aliquip cum tempor. Ipsum eos dolore et. At at et accumsan lorem consetetur molestie commodo hendrerit at tempor amet gubergren voluptua elitr. Kasd tempor erat rebum tempor dolore blandit sanctus takimata no clita voluptua et labore rebum suscipit.\n","pageCount":100,"excerpt":"Voluptua et diam tempor accusam accusam sea dolores molestie consetetur sanctus ad gubergren ipsum diam vero. Gubergren et diam nibh. Erat iriure at nonummy clita. Ut et magna et eos sadipscing lorem lorem erat sed aliquyam kasd gubergren gubergren dolor. Diam laoreet eirmod nonumy. Sanctus lorem eos. Est erat dolor eirmod enim id.\nVero lobortis duis et aliquyam dolore nonumy sed invidunt. Zzril praesent at eum. At amet gubergren nonumy feugait ut sit. Sea nibh justo velit sanctus et gubergren ut assum aliquyam takimata gubergren nonumy rebum. Sea eos dolor amet et eos et diam labore veniam laoreet no et no nonumy laoreet takimata consequat.\nOption at consequat erat et et et et eos ea amet nisl sit sed eum sadipscing. Vel et invidunt at kasd dolor illum sanctus sea accusam consequat rebum aliquam erat delenit no. In erat et magna at autem labore vero gubergren sit ipsum sadipscing sit nonumy.\nDolor nonumy nibh dolores accusam duo dolor quod takimata magna lorem amet. Consetetur no kasd duo dolore. Zzril erat facilisi ipsum sit gubergren augue consectetuer amet ut vel invidunt rebum eirmod. Dolor stet sadipscing sed eirmod consetetur lobortis sit diam diam justo takimata wisi amet consetetur voluptua. Nonummy soluta eos sed eum vel sed soluta.\nCommodo sea eros voluptua stet ipsum dolore sit amet et vero rebum et esse magna ipsum sed aliquip tation. Iusto at et labore tempor tempor sadipscing dolore dolor erat dolor. Est liber sit no ea molestie esse sanctus sed diam et kasd autem sea stet diam. Voluptua tempor consetetur amet imperdiet nonummy blandit et magna eirmod clita justo. Vero ad dolor amet duo. Suscipit exerci et invidunt sed ipsum consectetuer gubergren vel stet eum diam qui. Et no labore. Veniam tempor invidunt sed.\n","publishDate":"2021-09-14T15:04:37.4220852+00:00"},{"id":2,"title":"Book 2","description":"Justo sit duis eirmod sea ipsum. Est ea in. Consequat ea diam kasd ut ipsum sit tempor sadipscing est dolores. Kasd accusam sed dolor delenit eleifend dolore sit. Eum ea sea nonummy nam. Dolores quod amet tempor rebum justo ad molestie magna lorem dolor amet lorem consetetur dolor. Dolore in ea rebum eos imperdiet sit kasd no vero amet lorem tempor in soluta ut dolor. Et consectetuer sed invidunt adipiscing dolore aliquyam et consectetuer in delenit tation quod. Delenit blandit dolore quod erat gubergren. Magna ut ipsum invidunt molestie exerci diam magna zzril ipsum. Nonumy eirmod ea dolores clita labore imperdiet diam rebum.\n","pageCount":200,"excerpt":"Aliquyam iusto at eros et. Dolore adipiscing mazim lorem eu eirmod. Delenit at eum no amet commodo at sadipscing consequat amet in nonummy at. Sanctus sed dolore magna clita magna. Gubergren erat possim wisi sadipscing sed. Gubergren amet ex iusto qui tempor mazim ea cum lorem dolor accusam ipsum et. Aliquyam lorem sit sea quod stet takimata magna mazim duo. Accusam gubergren amet. Amet sed sit feugait takimata aliquyam magna suscipit labore et. Sea eirmod no vel facilisis vero blandit kasd labore sanctus voluptua in magna diam tempor.\nEa no sadipscing sadipscing invidunt dolore erat in. Vero vel dolor erat sea ut et aliquip kasd. Commodo dolore justo duo eirmod magna duo sea erat ea esse sit eu facilisis diam clita sed suscipit. Duis rebum sed dolore erat iusto eos dolore. No hendrerit iriure ipsum consetetur nisl stet iusto magna diam vero invidunt takimata. Sadipscing eos rebum clita erat lobortis eirmod sanctus sit dolor. Labore amet ut clita amet invidunt sanctus et commodo stet ea ipsum dolore. Kasd delenit clita aliquyam sanctus lorem eos justo magna stet et et amet invidunt. Magna consequat rebum. Lorem et iriure duo magna at odio. Et takimata sanctus kasd ipsum lorem delenit dolores ipsum. Hendrerit sed erat consetetur accusam sed vulputate kasd no sadipscing hendrerit accusam labore esse. Labore nostrud kasd exerci nonumy elitr euismod labore et amet sea.\nCum sit nulla eirmod ipsum nisl rebum dolor et voluptua ea elit sea sanctus sit sit amet sanctus. Et et praesent ea at elitr ullamcorper ipsum sit eum erat clita clita. Sanctus dolore et nonumy diam diam nibh no qui qui.\nAliquyam nam et dolores iriure amet sed sanctus lorem at euismod sadipscing sanctus nulla ipsum sanctus invidunt sed. Ipsum no lorem invidunt eos sed nonumy option imperdiet gubergren. Dolor vero ut diam illum elitr molestie est dolor sed stet gubergren stet vel diam vel.\nAccusam lorem rebum sit iriure duis eirmod takimata eu erat duo lorem invidunt elitr ea. At voluptua feugait stet accusam zzril ut at. Eos hendrerit sit eirmod aliquam esse consetetur vero sit et nonummy et elitr esse sea takimata diam sea. Clita sea facilisis euismod aliquam ullamcorper nonumy dolor quis accusam.\n","publishDate":"2021-09-13T15:04:37.4221777+00:00"},{"id":3,"title":"Book 3","description":"Accusam magna kasd eirmod kasd dolores diam vel eos iusto ea eros molestie. Duo dolor erat diam tincidunt dolor et sit stet facilisi in et ut at clita sit sit dolore. Dolore feugiat tempor amet diam. Sed aliquyam vel esse tincidunt. Lorem tation est tempor ad et. Gubergren ut sanctus dolore takimata sed voluptua esse diam amet sit et et commodo gubergren sea lorem delenit. Sea diam eirmod quis consequat et et sit labore amet eros tempor.\n","pageCount":300,"excerpt":"Soluta eros sanctus erat ipsum dolor rebum ea dolor facilisi nonumy blandit takimata dolore ex vel sea. Dolore in labore rebum. Dolor nonumy enim ut dolore duo et tempor at dolore congue diam aliquam. Diam hendrerit sit tempor. Stet accusam nonumy justo et diam et ipsum ea invidunt. Lobortis at ullamcorper iusto takimata consetetur accusam et zzril sed magna accumsan. Diam velit at facilisis accusam elitr tempor sed justo vel at iusto no ut. Ut consectetuer eos aliquyam dolor aliquyam vel voluptua eirmod accumsan tempor takimata diam. Dolore amet clita no duis consetetur eirmod dolores ut clita consetetur dolores. Dolore sed elitr dolor dolore ut. Magna labore delenit diam lorem et dolore lorem nonumy lobortis. Ut vel et sed dolores. Tincidunt sadipscing tempor at tempor eirmod rebum voluptua rebum diam ipsum vero sanctus. Lorem tempor elitr nulla clita zzril nihil in ex sanctus lorem iusto et eros. Dolore sanctus diam illum ipsum. Et aliquyam justo takimata no amet labore amet voluptua ea dolore vero ipsum. Sed nulla delenit tincidunt et elitr tempor sed. Sea consectetuer facer ex molestie nulla.\nEos feugiat accusam sit ipsum gubergren takimata sea dignissim et augue wisi et sit ut. Justo labore justo et eos dolor accusam dignissim commodo rebum eum laoreet diam gubergren diam et invidunt nobis. At magna est lorem erat erat aliquyam kasd sadipscing lorem ex erat. Enim sanctus illum. Sea lorem amet eirmod erat sea. Voluptua diam et sit gubergren invidunt clita eirmod aliquyam lobortis ea sit.\nDelenit et diam est ipsum lorem veniam nulla sed tempor justo lorem diam tation ea odio eos nonumy clita. Eirmod dolor ipsum ipsum ipsum accusam molestie elitr lorem invidunt clita sit invidunt. Eirmod sed erat. Duo autem sadipscing eirmod et dolores eos labore accusam no lorem. Gubergren accusam clita nulla molestie aliquyam vero justo nonumy clita et feugiat wisi vero dolor et gubergren wisi kasd. Labore diam ipsum vero ipsum possim eos ut. Nulla accusam at dolore sed takimata et quis euismod vero.\nUt nonumy est diam. Tempor lorem ullamcorper laoreet dolor eirmod tempor accusam takimata tempor dolor elitr. Sit ipsum ut ipsum stet erat dolor et erat. Autem ipsum laoreet eum duis eu et sit wisi invidunt dolore et et dolore sadipscing accusam et. Amet voluptua et molestie voluptua ut et est vero consequat sed. Wisi ut veniam nonumy aliquyam hendrerit ipsum. Ipsum accusam ut ut blandit takimata ea liber. Rebum dolore rebum labore et sanctus id duo duo et est accusam. Nonumy sed tempor consetetur sadipscing te invidunt tincidunt sed praesent eu clita amet nibh sadipscing in nam. Tempor no iusto sed ea et nostrud accusam takimata nulla eu vel accusam. Et takimata dolore stet elitr sea eos suscipit vero iusto et voluptua et justo clita lorem tempor clita eleifend. Eu sed ad ut et eu diam illum stet hendrerit iusto et rebum et voluptua magna ipsum. Blandit sit stet enim voluptua esse gubergren stet sed ipsum et nonumy sadipscing ea clita nibh. Tempor invidunt sit id et amet magna duis aliquip feugiat at. Et magna imperdiet nulla invidunt lorem tempor sea ipsum amet amet nostrud lorem duis no iriure. Aliquyam sed eu at esse sanctus invidunt autem aliquyam.\nSadipscing invidunt duo nonumy lorem elitr consetetur praesent dolor nonumy sanctus dolor delenit dolor. Et magna nonumy dolor labore eos ut odio at soluta cum eos ut voluptua. No qui sanctus sit nonumy sadipscing dolore at et eirmod soluta delenit invidunt sed et. Duo sit dolor et clita tation takimata tempor delenit duo ut labore ea nobis dolores. Quod duis eos est ipsum et magna accusam sed. Lobortis tempor dolores sea ut eos takimata sit clita accumsan ... (set the log level to DEBUG or TRACE to see the full content) 
 </msg>
<msg timestamp="20210915 12:04:49.089" level="INFO">c:\users\andre\appdata\local\programs\python\python39\lib\site-packages\urllib3\connectionpool.py:1013: InsecureRequestWarning: Unverified HTTPS request is being made to host 'fakerestapi.azurewebsites.net'. Adding certificate verification is strongly advised. See: https://urllib3.readthedocs.io/en/latest/advanced-usage.html#ssl-warnings
  warnings.warn(</msg>
<msg timestamp="20210915 12:04:49.090" level="INFO">${Resposta} = &lt;Response [200]&gt;</msg>
<status status="PASS" starttime="20210915 12:04:35.064" endtime="20210915 12:04:49.091"/>
</kw>
<kw name="Log" library="BuiltIn">
<arg>${Resposta.text}</arg>
<doc>Logs the given message with the given level.</doc>
<msg timestamp="20210915 12:04:49.113" level="INFO">[{"id":1,"title":"Book 1","description":"Ut gubergren esse dolores kasd lorem sit ipsum amet facilisi. Lobortis ut dolor sanctus sit amet facilisis dolor nibh et vel consetetur stet luptatum euismod erat et dignissim. Sit dolore invidunt dolore dolores justo luptatum sit imperdiet zzril. Sea diam consequat iriure nisl clita ea consectetuer labore. Eirmod eirmod qui sanctus facer clita sanctus justo amet dolor in ut. Liber et diam ipsum rebum sanctus eos invidunt kasd eos amet. Dolor nam sit dolores dolor dolor vel dolore. Dolore nonumy augue ipsum consetetur eleifend nisl laoreet et dolore sit tempor sadipscing sit congue et. Gubergren dolor eos erat eirmod odio praesent amet hendrerit doming dolor in nulla magna. Clita dolor sed aliquyam sadipscing ut facilisi aliquip cum tempor. Ipsum eos dolore et. At at et accumsan lorem consetetur molestie commodo hendrerit at tempor amet gubergren voluptua elitr. Kasd tempor erat rebum tempor dolore blandit sanctus takimata no clita voluptua et labore rebum suscipit.\n","pageCount":100,"excerpt":"Voluptua et diam tempor accusam accusam sea dolores molestie consetetur sanctus ad gubergren ipsum diam vero. Gubergren et diam nibh. Erat iriure at nonummy clita. Ut et magna et eos sadipscing lorem lorem erat sed aliquyam kasd gubergren gubergren dolor. Diam laoreet eirmod nonumy. Sanctus lorem eos. Est erat dolor eirmod enim id.\nVero lobortis duis et aliquyam dolore nonumy sed invidunt. Zzril praesent at eum. At amet gubergren nonumy feugait ut sit. Sea nibh justo velit sanctus et gubergren ut assum aliquyam takimata gubergren nonumy rebum. Sea eos dolor amet et eos et diam labore veniam laoreet no et no nonumy laoreet takimata consequat.\nOption at consequat erat et et et et eos ea amet nisl sit sed eum sadipscing. Vel et invidunt at kasd dolor illum sanctus sea accusam consequat rebum aliquam erat delenit no. In erat et magna at autem labore vero gubergren sit ipsum sadipscing sit nonumy.\nDolor nonumy nibh dolores accusam duo dolor quod takimata magna lorem amet. Consetetur no kasd duo dolore. Zzril erat facilisi ipsum sit gubergren augue consectetuer amet ut vel invidunt rebum eirmod. Dolor stet sadipscing sed eirmod consetetur lobortis sit diam diam justo takimata wisi amet consetetur voluptua. Nonummy soluta eos sed eum vel sed soluta.\nCommodo sea eros voluptua stet ipsum dolore sit amet et vero rebum et esse magna ipsum sed aliquip tation. Iusto at et labore tempor tempor sadipscing dolore dolor erat dolor. Est liber sit no ea molestie esse sanctus sed diam et kasd autem sea stet diam. Voluptua tempor consetetur amet imperdiet nonummy blandit et magna eirmod clita justo. Vero ad dolor amet duo. Suscipit exerci et invidunt sed ipsum consectetuer gubergren vel stet eum diam qui. Et no labore. Veniam tempor invidunt sed.\n","publishDate":"2021-09-14T15:04:37.4220852+00:00"},{"id":2,"title":"Book 2","description":"Justo sit duis eirmod sea ipsum. Est ea in. Consequat ea diam kasd ut ipsum sit tempor sadipscing est dolores. Kasd accusam sed dolor delenit eleifend dolore sit. Eum ea sea nonummy nam. Dolores quod amet tempor rebum justo ad molestie magna lorem dolor amet lorem consetetur dolor. Dolore in ea rebum eos imperdiet sit kasd no vero amet lorem tempor in soluta ut dolor. Et consectetuer sed invidunt adipiscing dolore aliquyam et consectetuer in delenit tation quod. Delenit blandit dolore quod erat gubergren. Magna ut ipsum invidunt molestie exerci diam magna zzril ipsum. Nonumy eirmod ea dolores clita labore imperdiet diam rebum.\n","pageCount":200,"excerpt":"Aliquyam iusto at eros et. Dolore adipiscing mazim lorem eu eirmod. Delenit at eum no amet commodo at sadipscing consequat amet in nonummy at. Sanctus sed dolore magna clita magna. Gubergren erat possim wisi sadipscing sed. Gubergren amet ex iusto qui tempor mazim ea cum lorem dolor accusam ipsum et. Aliquyam lorem sit sea quod stet takimata magna mazim duo. Accusam gubergren amet. Amet sed sit feugait takimata aliquyam magna suscipit labore et. Sea eirmod no vel facilisis vero blandit kasd labore sanctus voluptua in magna diam tempor.\nEa no sadipscing sadipscing invidunt dolore erat in. Vero vel dolor erat sea ut et aliquip kasd. Commodo dolore justo duo eirmod magna duo sea erat ea esse sit eu facilisis diam clita sed suscipit. Duis rebum sed dolore erat iusto eos dolore. No hendrerit iriure ipsum consetetur nisl stet iusto magna diam vero invidunt takimata. Sadipscing eos rebum clita erat lobortis eirmod sanctus sit dolor. Labore amet ut clita amet invidunt sanctus et commodo stet ea ipsum dolore. Kasd delenit clita aliquyam sanctus lorem eos justo magna stet et et amet invidunt. Magna consequat rebum. Lorem et iriure duo magna at odio. Et takimata sanctus kasd ipsum lorem delenit dolores ipsum. Hendrerit sed erat consetetur accusam sed vulputate kasd no sadipscing hendrerit accusam labore esse. Labore nostrud kasd exerci nonumy elitr euismod labore et amet sea.\nCum sit nulla eirmod ipsum nisl rebum dolor et voluptua ea elit sea sanctus sit sit amet sanctus. Et et praesent ea at elitr ullamcorper ipsum sit eum erat clita clita. Sanctus dolore et nonumy diam diam nibh no qui qui.\nAliquyam nam et dolores iriure amet sed sanctus lorem at euismod sadipscing sanctus nulla ipsum sanctus invidunt sed. Ipsum no lorem invidunt eos sed nonumy option imperdiet gubergren. Dolor vero ut diam illum elitr molestie est dolor sed stet gubergren stet vel diam vel.\nAccusam lorem rebum sit iriure duis eirmod takimata eu erat duo lorem invidunt elitr ea. At voluptua feugait stet accusam zzril ut at. Eos hendrerit sit eirmod aliquam esse consetetur vero sit et nonummy et elitr esse sea takimata diam sea. Clita sea facilisis euismod aliquam ullamcorper nonumy dolor quis accusam.\n","publishDate":"2021-09-13T15:04:37.4221777+00:00"},{"id":3,"title":"Book 3","description":"Accusam magna kasd eirmod kasd dolores diam vel eos iusto ea eros molestie. Duo dolor erat diam tincidunt dolor et sit stet facilisi in et ut at clita sit sit dolore. Dolore feugiat tempor amet diam. Sed aliquyam vel esse tincidunt. Lorem tation est tempor ad et. Gubergren ut sanctus dolore takimata sed voluptua esse diam amet sit et et commodo gubergren sea lorem delenit. Sea diam eirmod quis consequat et et sit labore amet eros tempor.\n","pageCount":300,"excerpt":"Soluta eros sanctus erat ipsum dolor rebum ea dolor facilisi nonumy blandit takimata dolore ex vel sea. Dolore in labore rebum. Dolor nonumy enim ut dolore duo et tempor at dolore congue diam aliquam. Diam hendrerit sit tempor. Stet accusam nonumy justo et diam et ipsum ea invidunt. Lobortis at ullamcorper iusto takimata consetetur accusam et zzril sed magna accumsan. Diam velit at facilisis accusam elitr tempor sed justo vel at iusto no ut. Ut consectetuer eos aliquyam dolor aliquyam vel voluptua eirmod accumsan tempor takimata diam. Dolore amet clita no duis consetetur eirmod dolores ut clita consetetur dolores. Dolore sed elitr dolor dolore ut. Magna labore delenit diam lorem et dolore lorem nonumy lobortis. Ut vel et sed dolores. Tincidunt sadipscing tempor at tempor eirmod rebum voluptua rebum diam ipsum vero sanctus. Lorem tempor elitr nulla clita zzril nihil in ex sanctus lorem iusto et eros. Dolore sanctus diam illum ipsum. Et aliquyam justo takimata no amet labore amet voluptua ea dolore vero ipsum. Sed nulla delenit tincidunt et elitr tempor sed. Sea consectetuer facer ex molestie nulla.\nEos feugiat accusam sit ipsum gubergren takimata sea dignissim et augue wisi et sit ut. Justo labore justo et eos dolor accusam dignissim commodo rebum eum laoreet diam gubergren diam et invidunt nobis. At magna est lorem erat erat aliquyam kasd sadipscing lorem ex erat. Enim sanctus illum. Sea lorem amet eirmod erat sea. Voluptua diam et sit gubergren invidunt clita eirmod aliquyam lobortis ea sit.\nDelenit et diam est ipsum lorem veniam nulla sed tempor justo lorem diam tation ea odio eos nonumy clita. Eirmod dolor ipsum ipsum ipsum accusam molestie elitr lorem invidunt clita sit invidunt. Eirmod sed erat. Duo autem sadipscing eirmod et dolores eos labore accusam no lorem. Gubergren accusam clita nulla molestie aliquyam vero justo nonumy clita et feugiat wisi vero dolor et gubergren wisi kasd. Labore diam ipsum vero ipsum possim eos ut. Nulla accusam at dolore sed takimata et quis euismod vero.\nUt nonumy est diam. Tempor lorem ullamcorper laoreet dolor eirmod tempor accusam takimata tempor dolor elitr. Sit ipsum ut ipsum stet erat dolor et erat. Autem ipsum laoreet eum duis eu et sit wisi invidunt dolore et et dolore sadipscing accusam et. Amet voluptua et molestie voluptua ut et est vero consequat sed. Wisi ut veniam nonumy aliquyam hendrerit ipsum. Ipsum accusam ut ut blandit takimata ea liber. Rebum dolore rebum labore et sanctus id duo duo et est accusam. Nonumy sed tempor consetetur sadipscing te invidunt tincidunt sed praesent eu clita amet nibh sadipscing in nam. Tempor no iusto sed ea et nostrud accusam takimata nulla eu vel accusam. Et takimata dolore stet elitr sea eos suscipit vero iusto et voluptua et justo clita lorem tempor clita eleifend. Eu sed ad ut et eu diam illum stet hendrerit iusto et rebum et voluptua magna ipsum. Blandit sit stet enim voluptua esse gubergren stet sed ipsum et nonumy sadipscing ea clita nibh. Tempor invidunt sit id et amet magna duis aliquip feugiat at. Et magna imperdiet nulla invidunt lorem tempor sea ipsum amet amet nostrud lorem duis no iriure. Aliquyam sed eu at esse sanctus invidunt autem aliquyam.\nSadipscing invidunt duo nonumy lorem elitr consetetur praesent dolor nonumy sanctus dolor delenit dolor. Et magna nonumy dolor labore eos ut odio at soluta cum eos ut voluptua. No qui sanctus sit nonumy sadipscing dolore at et eirmod soluta delenit invidunt sed et. Duo sit dolor et clita tation takimata tempor delenit duo ut labore ea nobis dolores. Quod duis eos est ipsum et magna accusam sed. Lobortis tempor dolores sea ut eos takimata sit clita accumsan adipiscing labore ut et. Eirmod volutpat eirmod nihil aliquyam tincidunt aliquyam rebum sanctus takimata erat accusam erat ut ipsum consetetur ea stet vel. Ipsum dolor elitr kasd sit nonumy vulputate dolores sit accusam accusam iriure dolor nam no elitr. Enim nibh clita lorem imperdiet invidunt clita nonumy assum no. Sit voluptua tempor sanctus invidunt lorem stet diam et amet et stet eos no elitr feugiat accumsan. Eros eirmod dolor soluta congue dolore et. Sea imperdiet rebum odio.\n","publishDate":"2021-09-12T15:04:37.422267+00:00"},{"id":4,"title":"Book 4","description":"Elitr rebum autem sit. Duo facilisis exerci. Stet et molestie sed ut et dolores eirmod amet euismod amet invidunt at at facilisis clita sit. Nonumy sed sed vero ut in sea eirmod kasd at at ipsum labore blandit rebum amet zzril kasd. Et luptatum ipsum diam duo amet invidunt.\n","pageCount":400,"excerpt":"Feugiat dolore eos stet amet kasd ipsum dolores vel justo duis aliquyam elit gubergren. Rebum iusto voluptua wisi sit suscipit magna ea stet amet lorem ut accusam amet vero clita sed stet. Sit sed nulla rebum enim lorem dolore sed at consetetur autem dolores et dolores. Et et amet aliquyam magna dolores duo laoreet erat kasd vero. Eu laoreet amet takimata sed diam dolor magna aliquyam magna magna sadipscing tempor at kasd consequat ipsum at erat. Wisi praesent blandit consetetur ad takimata. Veniam et invidunt facer ipsum nonumy amet nam dignissim duo. Dolores odio sea volutpat justo diam ut justo justo commodo justo hendrerit vel dolor magna et et esse. Esse erat te et gubergren. Et elitr rebum voluptua sit sea est lorem. Ea voluptua sed in et lorem at duo sanctus et duo. Vulputate ea sit esse assum dolores elitr et. Sanctus clita voluptua dolor euismod lorem adipiscing.\nDuis vero diam est sea voluptua. Et sed magna dolore elitr quod exerci aliquyam feugait rebum est accumsan diam sadipscing luptatum. Elitr amet sed eu molestie adipiscing minim odio consetetur ipsum consectetuer erat eum clita erat. Et duis ea consequat amet dolore ipsum ipsum. Kasd accumsan et esse mazim dolore aliquam lobortis no amet lobortis voluptua diam duis imperdiet et. Wisi rebum clita labore nostrud lorem dolore ut sea soluta sadipscing dolore dolore vero et aliquyam sea. Et vero gubergren at erat eos aliquyam eos. Sit sed tempor nulla facilisis ipsum accusam accusam ipsum. Labore aliquyam dolor sea dolore option facilisis diam et aliquyam et duis consetetur diam hendrerit lorem sed sed autem. Magna eu et at sit dolor aliquyam ex et clita dolores dolor. Amet kasd et sit mazim magna nam diam consetetur iriure iriure iriure at lobortis duo velit tation et. Kasd ut nonumy sea duo sit erat sit nulla praesent justo justo.\nPossim dolor doming sit vero ipsum id dolor tempor dolore sed dolor tempor consetetur at. Vero sed nulla et no et et sadipscing sit. Ea congue consequat diam.\nDolor diam ipsum vero iriure invidunt stet ut dignissim amet gubergren sed et. Consetetur eos nonummy dolor tempor tempor dolor consetetur tempor erat. Iriure magna nulla dolores ad takimata eu rebum sit dolore nostrud. Diam tincidunt vel stet veniam eos dolor vel quod ipsum et sed. Dolore ea sit amet diam vulputate soluta molestie amet tempor ipsum magna dolores elitr. Gubergren exerci nulla voluptua est enim. Ad at rebum nulla. Dolore vel duis nonumy autem dolore ipsum lorem sed. Lobortis volutpat magna delenit sit invidunt sit erat accusam no rebum stet sanctus duo euismod consetetur. Aliquam lorem sit mazim tempor nostrud sea duo et justo lorem. Ea gubergren dolor ipsum quis diam dolores augue dolor duo elitr dolore vel. No molestie consetetur lorem possim velit. Clita dolor takimata rebum doming ex. Eu amet iriure lorem adipiscing lobortis et. Laoreet invidunt eirmod dignissim gubergren diam sea. Et labore rebum. Erat tempor ipsum in eum sadipscing lorem no.\nAd kasd iriure accusam nonumy dolor tempor illum ut consequat ipsum erat autem. Stet stet ad amet sed dolor duis takimata diam stet esse eos. Amet sanctus laoreet vero nostrud aliquyam eros no duo ex clita. Takimata clita invidunt ut labore voluptua kasd vero labore diam.\n","publishDate":"2021-09-11T15:04:37.4223797+00:00"},{"id":5,"title":"Book 5","description":"Eum rebum ut lorem cum amet laoreet et nonumy elitr dolore sea rebum lorem dolore et adipiscing takimata sit. Sadipscing id est et diam. Ea eirmod consequat sit praesent ipsum diam sea sanctus dolor autem lorem invidunt facilisis tation magna. Amet voluptua rebum consequat ipsum minim lorem vero clita ea diam. Amet ut sanctus. Ea nibh diam ut gubergren amet eos sit consectetuer erat eos et dolores.\n","pageCount":500,"excerpt":"Et sadipscing justo ullamcorper dolor magna odio clita rebum dolor veniam. Sit adipiscing eos wisi stet aliquyam dignissim diam no labore invidunt. Ipsum tempor ut kasd ea dolore accusam vel congue ullamcorper. Sanctus minim velit. Odio dolor diam et gubergren no ipsum sit. Esse et invidunt eos feugait dolore minim ipsum augue qui tincidunt sed lorem kasd diam. Diam sit sed amet et nobis et gubergren. Facilisis nostrud ipsum sed labore autem. Dolore justo vero sed ipsum nonumy magna zzril sit dolore magna magna lorem dolore diam congue amet. Duis rebum dolore ut ea dolor tempor nisl dolore gubergren sed diam amet dolores invidunt liber dolores takimata sea. Iusto no est erat ipsum volutpat kasd tempor quis et sed vel et sea dolor congue kasd lorem. Diam magna sadipscing ipsum accusam consequat eum amet amet nisl. Ad facilisis sed gubergren consetetur dolor. Molestie takimata sed dolore est in lorem quis. Nonummy aliquam nam aliquip sanctus delenit exerci ea lorem ea.\nUt ipsum rebum stet dolor labore elitr vulputate eirmod et te dolor sed justo volutpat amet quod. Luptatum duo consetetur magna sed consetetur nonumy est et dolores nibh facer commodo dolores dolores sed. Amet ea adipiscing vel et nibh id eirmod sed nonumy amet magna. Est eu lorem aliquip at nostrud ipsum elitr autem. Sed in nibh sit ut labore praesent sed et aliquyam ut ut autem ipsum dolore. Dolore dolor invidunt eos rebum iriure illum tation duo et ea nonumy rebum elitr amet sed ipsum.\nAmet hendrerit sed voluptua gubergren voluptua ipsum rebum amet aliquyam ut takimata elitr vero et elitr delenit. Tempor hendrerit lorem at aliquip volutpat sit ut voluptua sed tempor dolore sit sed blandit rebum aliquyam. Et voluptua ullamcorper at duo veniam delenit qui at sed eros dolor duo rebum stet cum. Eum laoreet sadipscing in. Blandit dolore nonumy consequat dolor duo dolor et diam duis eirmod dolor lorem ut no in sadipscing. Amet et gubergren elit vero rebum et dolor takimata. Invidunt eum est sit nulla eirmod tempor et clita sit dolor eros sed rebum no. Diam gubergren lorem at ullamcorper sadipscing imperdiet option eirmod no gubergren accusam et ut. Et vero ipsum dolores magna.\nGubergren molestie dolore no nonumy dolore sit invidunt stet. Accusam rebum at sea tincidunt consequat at accumsan gubergren. Tempor invidunt labore amet voluptua nonumy sea duis ullamcorper kasd ipsum takimata eirmod clita labore sed. Sea velit tation vulputate sit eirmod amet dolore sea sed aliquyam erat ipsum vero odio. Voluptua erat no. Odio et takimata tation eros eirmod tempor hendrerit diam erat nulla accumsan. Consetetur ipsum voluptua dolor sea sed no aliquyam et veniam dolor est et ipsum. Voluptua sed erat ipsum feugiat no amet sed stet tempor duis amet diam dolores esse aliquip in dolor. Nulla tempor congue ipsum blandit dolores ullamcorper dolor elitr rebum invidunt iusto nostrud eleifend no delenit accumsan. Iusto iriure ut magna lorem in sit autem at in duis sed erat. Dolore labore vero rebum assum kasd facer gubergren lorem. Nulla at dolore est sanctus ea ipsum enim facilisis iusto eirmod dignissim sed vero accumsan amet clita kasd. Tincidunt duis sed takimata ut dolores id stet dolor vero ea duis nostrud. Nibh nonumy sadipscing amet sit dolore elitr sed diam diam sadipscing et nobis gubergren. Odio nulla dolor stet sed congue justo at vero voluptua elitr sea. Ullamcorper est sit ipsum sed no labore vero sed diam invidunt dolore. Dolor sed ut facilisi elitr sadipscing eos cum euismod gubergren invidunt ea no. Dolor dolor vel sadipscing hendrerit nonumy tempor sed liber adipiscing et eirmod sed et.\nSit sadipscing kasd justo sit clita commodo elit lorem magna dolor kasd dignissim. Sed elitr elitr sea amet magna takimata dolor amet tempor sadipscing accusam vero quis ipsum at euismod nam. Consequat amet eu duo autem te tempor ipsum dolor vero eos consequat sit odio. Accusam at magna rebum no dolore tempor sea et dolor et. Sed ut est et et justo dolore eirmod et nulla et eirmod dolor. Diam amet et ipsum ea lorem sit magna diam duo et dolore ipsum consequat labore eu luptatum ipsum. Duo dolore magna zzril sanctus elitr autem at amet dolor aliquip dolore dignissim nulla no lorem amet sadipscing. Dolor ea gubergren dolore. Quod stet dolore tempor volutpat diam cum. Lorem at clita et labore no vel sanctus ut duo volutpat lorem nonumy. Sea feugiat lorem diam lorem in stet diam amet. Nonumy justo dolore et nonumy elitr accusam sit dolore diam lorem dolore elitr amet. Accusam sanctus luptatum accusam eirmod accusam sanctus ea kasd sadipscing veniam nonumy amet facilisis facilisis laoreet eos vel. Facer rebum dolor minim accusam et et dolor consetetur sea ea at erat vel et dolore tempor id. Amet ullamcorper diam voluptua aliquyam dolore eum ea rebum gubergren gubergren no diam laoreet diam dolor qui lorem. Ea delenit sadipscing stet suscipit amet clita erat nonummy velit.\n","publishDate":"2021-09-10T15:04:37.4225213+00:00"},{"id":6,"title":"Book 6","description":"Et eum magna et. Invidunt eu erat augue sea kasd te dolore duo ex sed amet ipsum dolore dolores ipsum sanctus dolor. No ipsum molestie zzril kasd te labore et minim ipsum dolor consectetuer kasd vero dolor sit. In vulputate lorem enim accumsan. Augue amet enim iriure kasd accusam nisl nulla sadipscing est labore ut aliquam. Takimata kasd erat delenit illum stet rebum facilisi diam magna sadipscing voluptua. Ut commodo vero doming sit. Lorem justo ut consectetuer diam. Ipsum justo elitr rebum clita feugait sit in in. Clita tempor et diam et est eirmod laoreet hendrerit eirmod ipsum eos et justo erat quis duo diam. Velit et dolore tation erat hendrerit et dolor. Diam diam commodo dolore nibh et et et nostrud quis adipiscing facilisi ea dolor kasd sit ipsum. Nonumy aliquip doming. At amet dolore et amet et eirmod sea ut amet sed ullamcorper vero ullamcorper sadipscing et sit gubergren.\n","pageCount":600,"excerpt":"Erat aliquyam eirmod dolor dolor illum. Ut sanctus tempor vero sed sed ea invidunt sanctus eleifend facilisis id ea lobortis sed dolore voluptua. Sadipscing dolor dolor amet sadipscing feugiat ipsum laoreet amet ea. Lorem tempor justo accumsan kasd amet magna nam nonummy ad dolore consectetuer sanctus commodo eum invidunt sanctus eum. Ipsum nonummy amet ipsum erat ea labore dolore tempor. Sanctus nonummy labore clita tempor lorem elitr duo te duis dolor justo. Sadipscing ipsum tempor sed ipsum rebum tempor magna. Blandit aliquip vero voluptua quod consequat ut quis. Ut augue erat sadipscing aliquip. Consectetuer ea elit duis elitr no. Ut kasd dolor sea takimata facilisis est magna amet elitr et stet lorem no velit.\nAmet amet consetetur lorem duo at invidunt ea duo et euismod lorem et sed assum dolor. Et minim justo duo vel esse gubergren duis erat et at. Ea erat rebum autem esse vero sadipscing sed dolore elit dolor adipiscing invidunt stet. Dolore dolor clita consequat diam ea takimata diam justo ipsum rebum diam. At facilisi sadipscing ullamcorper et ut et vero sadipscing nihil clita eirmod. Sit clita takimata amet sanctus quis rebum suscipit dolore ipsum elitr diam lorem amet veniam diam.\nEos duis vel magna exerci minim kasd dolore eum justo vero. Stet dolor dolor. Diam dolore labore. Eirmod sea sea sea wisi aliquyam vero ipsum.\nAccusam minim accusam ipsum. Et nulla nobis sit sed labore invidunt lorem consetetur sadipscing odio illum voluptua odio at quis vero. Sed aliquam iriure magna dignissim takimata dolor invidunt dolor facer aliquyam autem voluptua no tempor invidunt amet dolore nibh. Ipsum sit amet et lorem nibh iriure sed ipsum esse soluta accusam erat. Gubergren dolores at illum kasd zzril ea elitr tempor labore sed et nonumy ipsum labore dolore amet. Exerci eos elitr voluptua ea tempor tation kasd nulla ullamcorper. No minim ut sanctus no dolor lorem vero ipsum duo labore elitr. Eos eum iriure duo hendrerit aliquyam et dolore clita sed. Ipsum magna vero eu ea et magna. Ut autem dolor ea justo ea dolor exerci duis consetetur nibh at et amet enim commodo magna. Eros erat dolor nihil eos sit nulla lorem lorem.\nKasd eos sanctus consectetuer consequat et nulla diam nonummy vel elitr sadipscing molestie assum. Amet at labore vero labore augue dolor ut minim eos justo et diam. Et nonumy iriure vero justo quod nulla sea praesent. Feugiat labore lorem est vel est suscipit ipsum nobis rebum duo. Justo cum duis ut magna lorem et clita nonummy kasd erat lorem ut accusam dolor duo elitr. Ullamcorper quis dolor amet et erat sed dolor clita. Diam kasd tempor est euismod magna nonummy sadipscing sadipscing eos hendrerit duo dolor. Dolore amet duis et dolor dolores augue aliquyam vero. Kasd et elit diam et zzril at blandit gubergren sanctus voluptua in amet luptatum possim sed kasd aliquyam. Nulla dolores justo invidunt consequat consequat ipsum vero.\n","publishDate":"2021-09-09T15:04:37.422615+00:00"},{"id":7,"title":"Book 7","description":"Dolore justo lorem at ipsum sed assum vulputate sed ut euismod rebum ut elitr ullamcorper. Sea sadipscing takimata eos eos nostrud sanctus diam feugait nonumy et sit ipsum dolor aliquyam ea. Ipsum euismod erat eos erat clita voluptua vero sanctus lorem ea lorem ut gubergren sed at. No ad ipsum clita sanctus justo erat kasd amet ut no elitr. Magna iriure vero accusam takimata justo. Clita magna sit.\n","pageCount":700,"excerpt":"Takimata justo velit invidunt eum veniam clita iriure. Nulla diam ipsum vulputate sit blandit et eirmod gubergren. Sit ea eu eros consetetur autem et. Molestie feugiat nonumy sea at. Ex lobortis dolore vel praesent. Clita at duo kasd consetetur et nonumy odio vero erat.\nErat invidunt accusam voluptua stet et et clita et. Nonumy molestie elitr gubergren. Enim elitr nonumy sit eleifend in ut labore justo tempor feugait tempor elitr vero qui sit consetetur commodo diam. Lorem et eu ut volutpat ipsum dolor clita. Eu facilisi eirmod. Facilisis ut odio sadipscing erat dolore ipsum. Duis feugiat diam in ipsum et vel velit sit invidunt duis sadipscing diam praesent dolore in ipsum et. Ad accusam zzril duis takimata amet dolor accusam zzril dolore vel nostrud placerat lorem justo te minim. Rebum ut adipiscing facilisis eros erat esse nonummy ut ipsum ut luptatum et. Sanctus diam esse eu kasd ut tempor ut et nonumy et diam ipsum gubergren erat et et invidunt.\nInvidunt lorem sed in eu justo consetetur est nam tempor enim at. Sed et stet diam labore iusto elitr et no duo et molestie consetetur et est erat et invidunt dolor. Et te dolor dolor qui molestie eos ipsum dolor est molestie stet est takimata eros sanctus. Doming placerat et sanctus tempor quis dolores. Sanctus amet iusto quod duo qui vero amet justo nostrud nonumy clita eum lorem dignissim aliquyam. Sanctus imperdiet dolor consequat amet eirmod molestie gubergren. Sit aliquyam illum dolor lorem vero dolore. Clita sed est facilisis sed kasd qui labore gubergren accusam erat dolor voluptua diam duo sed erat diam. Accusam dolore velit vel dolore tempor nonumy et nonumy accumsan nostrud erat elitr takimata odio lorem voluptua sea duis. Ut option amet ea dolor duis possim accusam no ut. Laoreet dolore elitr consetetur eu aliquyam eu et nostrud nonumy et elitr consetetur invidunt et sadipscing. Amet sed invidunt et accusam diam duo sanctus aliquyam eos dolor clita dolores vulputate at dolore kasd lorem. Consectetuer nonummy eos et illum nonumy sadipscing ut ea sed illum sanctus lorem nostrud te zzril sadipscing congue eirmod. Et dolore accusam et duo minim ipsum illum tempor no accusam at in est. Et dolores nonumy ipsum rebum sanctus option odio amet eu aliquyam lobortis enim vero eirmod ullamcorper magna.\nStet amet accumsan at qui lorem dolor labore. Nonumy erat et et sed kasd volutpat erat. Eum eirmod eu in amet vero sed justo facilisi nostrud erat est vero erat sit eros dolore. Invidunt dolores esse rebum justo amet dolore magna. Esse duo et sit amet rebum enim duo consetetur dolor diam est justo illum consetetur accusam magna gubergren nobis. Elitr eum voluptua voluptua diam ipsum ex gubergren sadipscing sanctus. Dolore elitr sanctus sit tempor kasd sit eu liber sanctus kasd.\nNonummy gubergren sea rebum euismod ipsum vel aliquam diam ut lorem vero elitr ut. Ut tempor diam ea et vulputate labore voluptua sadipscing eos lorem gubergren ullamcorper ad. Diam liber stet et justo feugiat sed luptatum consetetur possim commodo dolor takimata commodo rebum. Ea at sea soluta lorem consetetur tation nonumy sit assum eirmod sea lorem ea est lorem kasd. Takimata esse sea erat minim iriure te ad consetetur duo. Elitr justo et diam dolor et sea justo aliquam dolor sit. Sadipscing sed kasd vero nibh eu consetetur vero lorem nonumy justo velit. Ad aliquyam labore. Elitr magna ut erat ipsum aliquyam clita diam soluta sit sit praesent ipsum ea sadipscing dolore. Ipsum vel invidunt et luptatum sadipscing kasd sed iriure. Sit dolores et consectetuer ea sit no accusam voluptua dolor et. Eirmod nulla vel facilisis. Justo elitr sanctus at elitr. Sit nonummy nonumy dolores dolores dolor. Kasd dolor dolor eum hendrerit eros in facilisis commodo. Delenit duo sit praesent nisl nonumy lorem at diam tempor sit nonumy erat.\n","publishDate":"2021-09-08T15:04:37.4227238+00:00"},{"id":8,"title":"Book 8","description":"Blandit erat dolore nulla erat tempor ex. Sed veniam amet gubergren aliquyam nonumy dolor sed molestie feugait sed gubergren lobortis vel tempor rebum aliquyam. Exerci commodo elitr vero gubergren lorem. Gubergren odio clita takimata sadipscing dolor tempor. Accusam erat et sea amet dolores dolor lorem blandit no amet rebum. Gubergren est et lorem diam quis autem euismod labore sea sit vero dolor volutpat. Dolor aliquyam dolore sed ipsum clita. Eum invidunt clita sed aliquyam diam facilisi vel gubergren feugiat sadipscing dolor at. In minim feugiat diam ipsum at. Takimata odio dolor blandit dolore dolores vulputate clita sanctus dolores ad est. Mazim vero duo lorem accusam delenit illum molestie rebum praesent duis magna at. Erat exerci erat eum dolor lorem iriure zzril invidunt eos eum no imperdiet consequat. Rebum in assum est labore lorem et facer duo cum labore quis takimata. Ipsum duo no kasd sanctus amet zzril tincidunt clita tempor sed tempor et aliquyam at ipsum lorem. Hendrerit kasd amet sed sea sed praesent autem kasd sea amet et possim no. Sit et amet sit stet dolor sea invidunt voluptua vel eleifend ipsum at amet ut tempor blandit ea. Ipsum aliquyam iusto nostrud clita ut amet sed eleifend eu nonumy. Dolor sed ea vero sanctus veniam est sit dolor.\n","pageCount":800,"excerpt":"Consetetur sadipscing dolores dolores amet doming sadipscing elitr at delenit quis eirmod sit doming et. Est dolore et justo dolor sed at adipiscing eu aliquyam delenit. Vero nonumy ipsum rebum no aliquip velit gubergren sed. Takimata lorem sadipscing. Vel zzril et dolore sed commodo vero gubergren diam eros consetetur soluta ipsum consetetur rebum eirmod tempor vel consequat. Diam erat invidunt sanctus et dolor lorem. Sit eirmod nonumy ipsum takimata consequat gubergren facilisi sea. Sanctus erat in. Amet duo no magna ipsum soluta lobortis nulla ut et zzril magna at sanctus amet labore. In gubergren eos amet in justo sadipscing eum rebum qui et magna diam. Assum kasd facer sit no sit rebum. Et duo wisi blandit. Ipsum labore odio at. Dolores accusam dolore dolor sit vel dolor at amet imperdiet odio stet dolore rebum veniam ut no. Dignissim vulputate clita takimata at vero voluptua vero eirmod sea ut. Et accusam dolor stet vel esse luptatum sanctus. Zzril nulla illum stet dolore amet feugait lorem elitr no rebum dolore dolor dolores justo duo. Amet nulla rebum dolore duis enim laoreet at in.\nAmet erat eos aliquip duis. Vero diam feugait clita labore ipsum. Ea takimata vero et lorem et invidunt sadipscing blandit sanctus eos diam amet nibh nonumy dolore tempor. Molestie amet sanctus aliquyam nostrud sit iriure gubergren nobis eros accusam.\nGubergren veniam sea dolor sanctus kasd feugait nonumy dolores diam et et takimata erat et magna. Et ipsum accusam duis. Laoreet hendrerit et. Consequat et at no amet ut sea minim consequat et lobortis aliquam ipsum sadipscing dolore magna lorem. Et dolor sit. Accumsan diam clita ut vero stet volutpat dolore elitr clita diam sed et et stet et et. Facer justo takimata labore no sadipscing ipsum no duo vel amet et est kasd. Mazim kasd sea et ut vel in accusam esse ut vero ipsum. Vulputate est lorem dolore sanctus diam amet amet et nulla. Accusam esse sea. Labore magna dolore et dolor tempor no illum autem praesent voluptua ut sit illum. Ut voluptua accusam dolore feugait dolor ipsum consectetuer euismod ut erat ut nobis sea vulputate elitr. Et no suscipit et invidunt eirmod vero ipsum sea esse eos lorem lobortis soluta delenit dolore. Sed lorem clita invidunt sed rebum feugait sea dolor sit sed dolor accusam et liber nisl duo id invidunt. Consetetur dolor diam minim eos amet ipsum sadipscing erat diam elitr et. Ipsum imperdiet sit clita dolor tincidunt labore at justo stet et est in labore. Est est blandit at aliquip accumsan aliquyam ea at gubergren labore consectetuer labore dolore dolor aliquyam dolore.\nVelit ad sea erat ea. Dolores et ipsum consequat est sed nonumy diam ipsum consetetur est takimata praesent elitr dolores. Invidunt labore clita augue in elit kasd. Tempor eos ut sed aliquyam est accusam vel dolores hendrerit dolores. Sea ullamcorper consequat consequat invidunt facilisis sed et dolores eirmod et lorem consequat liber dolor duis sanctus justo. Erat et eu ut consetetur kasd wisi amet adipiscing facilisis stet sanctus autem labore sea gubergren nonumy. Ex illum dolore. Sanctus diam iusto no veniam feugait dolor. Dolor eum lobortis illum est odio. Congue dolores ipsum ut lorem ea duo. Et elitr nonumy id nam duis sed eos eirmod clita elitr. Accusam odio duo quod sit elitr nonumy et duis dolor. Ipsum consetetur elitr molestie vel ex illum. Takimata molestie sit aliquip rebum sea gubergren facilisi sed aliquyam eos minim vero labore sit kasd est dolores consetetur. Sed ut dolores praesent consectetuer ea rebum eos stet magna consetetur no. Amet dolor takimata. Vel exerci ut dolor duis ea eu in dolores velit tempor nonumy at veniam gubergren et erat. Placerat invidunt eu eirmod elitr amet aliquyam rebum justo sit lobortis ea dolores quis accusam takimata justo. Adipiscing qui praesent eum consectetuer sed congue at nonumy.\nUt feugait sea diam commodo lorem amet rebum ea euismod vulputate laoreet dolore sadipscing rebum vero dolore invidunt. Et lorem aliquyam no sea voluptua dolore augue suscipit sanctus amet eum elitr et. Ut kasd no dolores et option qui rebum dolor. Sit voluptua tempor aliquam rebum dolore ut est lobortis lorem nostrud wisi wisi aliquyam voluptua sadipscing mazim accusam. Et tempor invidunt amet qui labore dolor sea et enim amet takimata sed erat. Et euismod gubergren ipsum clita dolor tincidunt et lorem gubergren invidunt kasd ut et mazim facilisis dolore sadipscing dolore. Sed ex sadipscing nisl tation sed sadipscing justo dolor rebum justo facilisis. Sadipscing consectetuer vero nulla placerat euismod ut autem vero lorem labore sit duo eos aliquyam accumsan magna assum. Duo dolor accumsan ea ea elitr no amet lorem dolor sit ex praesent. Ipsum amet iriure dolor ut. Volutpat justo kasd et et vero gubergren elit ex nonumy amet consequat sit et. Sanctus sanctus in zzril voluptua. Ea eirmod sed voluptua sanctus ut invidunt consetetur et amet. Takimata et lorem eros illum et volutpat ipsum feugait lorem amet et dolor.\n","publishDate":"2021-09-07T15:04:37.4228542+00:00"},{"id":9,"title":"Book 9","description":"Vero eleifend takimata sed et consequat. Sea laoreet elitr est aliquip tation aliquyam amet. Est ipsum aliquyam dolore dignissim nulla odio dolor sea aliquyam kasd facilisis.\n","pageCount":900,"excerpt":"Rebum consetetur accusam accumsan stet iriure nonumy nonumy at eirmod ex consetetur wisi sanctus. Nonumy odio duo suscipit sanctus justo. Amet labore clita nibh in diam wisi suscipit. No vel eu est veniam sanctus magna vel sanctus kasd et luptatum consequat sed enim. Dolores sea sed sadipscing est ullamcorper. Stet congue magna hendrerit dolore invidunt kasd ut vulputate et ad. Et lorem labore nonumy nisl. Takimata nonumy at labore eu invidunt feugiat erat dolore nobis. Augue dolor dolor sit sit luptatum rebum sed accusam et. Labore amet odio delenit eos at magna stet stet te gubergren lorem aliquyam justo diam sed et ipsum. Amet ipsum ut nisl kasd molestie praesent dolor no aliquyam erat et nonumy dolore augue. Autem ut nulla vulputate illum ea. Et congue elit stet. Justo erat vel no kasd. Justo facilisis laoreet at est imperdiet. Qui dolor dolor eum sed.\nIpsum tempor sit sanctus et tempor tempor dolore dolor dolore vulputate sea ipsum molestie ut consequat. Kasd magna no tincidunt voluptua rebum ipsum clita lorem assum nonumy dolor soluta delenit stet no vel dolore stet. Veniam ex sit ipsum in nonumy enim. Ut vero elitr nonummy suscipit clita elit adipiscing eirmod est lobortis at duis dolores sadipscing quis. Dolor gubergren ipsum sit suscipit accusam takimata. Amet et rebum no justo rebum lorem ipsum at lorem no aliquyam sed sea dolores lorem takimata gubergren justo. Dolor assum dolor vulputate eu iusto ipsum sadipscing gubergren dolores nonummy clita sea eos sed iusto erat dolore labore. At odio diam invidunt et accusam takimata ipsum dolor hendrerit sed illum sadipscing diam ea sadipscing sed hendrerit est. Est dolore et. Diam justo dignissim eos sed.\nAmet et ut odio gubergren et at et facilisis diam clita et nihil hendrerit diam sit. Enim volutpat dolores ipsum dolores duo tempor nulla. Duo ut vero sadipscing. Tempor aliquip dolore sed et amet ea diam quis amet diam. Gubergren eros nulla minim justo ipsum amet lorem voluptua at ipsum ipsum rebum justo eros. Nulla iriure dolore diam elitr invidunt. Est tempor iriure ut vulputate et voluptua dolores takimata. In feugiat hendrerit duis sed amet esse. Justo ad magna sit elitr ipsum et at aliquyam elitr accusam nisl. Ullamcorper nonumy lorem et sed sit voluptua ea nobis lorem dolore. Sit sadipscing et adipiscing dolore elitr sanctus rebum diam tempor labore nulla dolor rebum duo. Et dolor dolor. Kasd lorem invidunt stet lorem.\nLabore labore sed invidunt voluptua invidunt erat ipsum tempor justo labore lorem tempor consetetur sit duo et liber. Lorem et stet accumsan. Amet et clita est no amet takimata qui. Sea et sed velit sit velit at ea. Et et sanctus sea magna wisi amet gubergren dolor magna dolor labore. Takimata dolore sea eum sit iriure ut amet ea eu gubergren et et. Lorem facilisis no in autem lorem ea sanctus et. Accusam dolore amet at amet illum ut erat elit elitr takimata ex esse velit velit erat illum. Eos erat diam lorem magna invidunt sed voluptua. Et elitr et exerci ea clita voluptua ipsum voluptua. Erat gubergren takimata tempor blandit at elit labore erat diam. No rebum et aliquyam et nulla velit ea sed dolor et erat hendrerit ipsum dignissim ut magna. Diam sed nonumy accusam duo at. Nonumy duis erat clita elitr sit clita duo et accumsan clita.\nSadipscing eros ut sit. Laoreet voluptua sea sit ipsum iusto diam et takimata accusam justo clita labore aliquyam tempor ut. Amet commodo eos rebum molestie duo aliquyam nulla. Sadipscing eos eirmod vel gubergren et dolor erat kasd sanctus est commodo. Est aliquyam ut diam lorem et ex erat diam nibh nobis amet et sanctus nibh ipsum et no. No luptatum labore nulla magna option est ullamcorper dolor. Sit ipsum et nobis magna nostrud sit stet commodo. Commodo ipsum hendrerit sed sed et sed ipsum eos dolor rebum vero duis eos. Exerci eos congue magna ut dolor accusam et dolor sit erat et. Voluptua kasd erat et eleifend sed diam blandit nonumy duo esse et diam et te. Dolor kasd invidunt vero tincidunt commodo feugiat gubergren ea dolore et et takimata. Diam gubergren nonumy autem justo takimata dolor molestie nihil. Dolores lorem justo sea. Vero laoreet dignissim et et kasd est justo qui aliquip ea amet praesent facilisis dolores lorem.\n","publishDate":"2021-09-06T15:04:37.4229501+00:00"},{"id":10,"title":"Book 10","description":"Eu erat diam ea stet volutpat et ipsum. Quod odio sanctus dignissim dolore est lorem consetetur kasd vel dolores erat aliquyam et invidunt. Blandit dolor kasd qui. Duo ut takimata tempor erat tation labore takimata qui esse eum. Doming lorem lorem ut duis amet dolor sanctus dolore amet praesent labore ullamcorper est diam voluptua nostrud no sit. Consectetuer nonumy tempor wisi diam no doming ipsum dolor takimata veniam praesent. Sanctus rebum dolor ullamcorper aliquyam commodo nulla sed magna labore. Duis justo dolore in dolor vero sanctus ipsum diam nulla sadipscing diam nonumy nonumy augue. Nonumy consetetur nostrud amet diam kasd sit feugait ad takimata. Dolore eleifend congue tempor kasd gubergren duo sit nisl. Dignissim sed stet. Et eos nostrud et at. Sea illum lobortis accusam erat sed et nihil eirmod magna iriure ipsum ea sadipscing et euismod. Et at voluptua ex. Diam kasd sea.\n","pageCount":1000,"excerpt":"Voluptua ea diam dolor vero sanctus tincidunt dolore gubergren accusam. Sit qui eirmod stet nulla aliquip sit diam lorem vero. Et lorem amet duis. No feugiat vero elit soluta molestie diam sit dolores autem sit. Accusam est et. Dolor nonumy consetetur illum volutpat dolor aliquyam. Kasd lorem dolores kasd. Rebum dolor duis kasd dolore stet et diam adipiscing illum sit dolor vero clita. Illum sed nonumy aliquyam iriure odio illum vel et consequat volutpat. Diam sit rebum in nulla stet blandit dolor aliquip dolore est blandit eum voluptua vero dolor et. Justo no ipsum nonumy nibh dolore ex eu. Ut sadipscing duis sit eos accusam esse takimata vel sed erat. Dolores eos aliquam lorem clita stet et sanctus ipsum sit in sit clita. Diam commodo takimata tincidunt labore sadipscing. Justo labore ea sed diam dolor. Diam ea velit ea ipsum feugiat amet aliquam elitr dolor dolore. Dignissim diam odio gubergren dolore sed iusto in magna sea et vero in congue luptatum.\nNonumy consequat justo velit duo duo ut ipsum stet amet. Ea et dolor ea et at est no tempor elitr imperdiet. No amet accusam et quod at lorem. Dolor possim eos dolor sea in eos tempor elit feugait gubergren consetetur voluptua nonumy. Ea invidunt magna et magna. Velit et amet et dignissim erat justo consetetur sadipscing ea exerci gubergren. Esse iriure eros gubergren ut. Amet duis amet voluptua et et diam. Gubergren nostrud clita clita eum gubergren dolore at et dolore stet nonumy. Aliquyam qui justo ipsum lorem no soluta stet dolor eos dolores invidunt vel.\nEt et dolores sed iriure assum takimata magna magna. No assum ut lorem aliquyam molestie ullamcorper imperdiet ut voluptua. Duo dolores et iriure aliquyam. Elitr ut consequat vel sit tempor sanctus eos. Dolore vero dolore invidunt et diam diam nonumy dolor te laoreet gubergren et amet dolore. Feugiat feugiat wisi accumsan ut tempor est ea ea hendrerit dolor dolor sanctus lorem ea ipsum eum est lorem.\nNo et soluta te sed dolore ea takimata. Kasd ad est et autem dolor lorem esse sea et gubergren clita labore. Velit vero aliquyam sadipscing invidunt dolores. Ipsum zzril vero duis erat invidunt kasd stet ut magna gubergren. Magna molestie dolore accumsan no lorem delenit sed accusam. Gubergren diam dolor vulputate sadipscing eos ea sanctus stet clita no erat tempor sit. Aliquyam ut labore. Est ipsum ipsum. Diam eu elitr nulla vero amet volutpat rebum eirmod dolor feugait illum est ipsum. Ipsum sanctus wisi iusto et magna ullamcorper qui exerci. Possim hendrerit magna tempor sadipscing vero accusam vel iriure velit takimata ut eos magna sed et. Labore sit zzril luptatum et gubergren vel. Ea duo dolores sed esse vulputate quod. Eirmod sadipscing eos kasd in et eu invidunt. Congue ea nobis labore magna diam et accusam ut sanctus lorem nonumy dolor elitr sed adipiscing sadipscing.\nEt consetetur ipsum duo duo sed lorem assum molestie voluptua justo ipsum et dolor erat justo facilisi. Sea eum stet dolore invidunt vel lorem magna dolor dolor nulla aliquyam. In dolore molestie diam kasd nibh diam commodo dolore feugiat dolores ipsum et justo esse. Ipsum velit vel soluta sed congue kasd sit. Quis amet vero et consequat justo ipsum diam tempor ea nibh est. Lorem dolor nonumy consectetuer takimata ipsum facer stet wisi erat amet. Et minim invidunt option takimata vel justo eos vel invidunt et. Dolor commodo diam vero. Sed dolor ipsum sit duo amet no amet magna no dolor ea ipsum enim aliquyam. Sed magna nonumy consetetur. Sea euismod amet justo blandit kasd aliquyam gubergren gubergren gubergren amet clita lorem dolores sea sed. Nostrud duo luptatum placerat kasd ipsum et et diam dolor. Diam vero nisl augue dolores autem et feugiat congue in. Nulla ipsum erat et veniam. Et sadipscing est aliquam lorem diam enim sed ea aliquyam elitr ut magna iusto est ipsum dolore sanctus. Sit ea aliquyam diam justo magna ea dolore veniam eirmod feugiat voluptua no et et justo praesent ad. Dolores amet sit wisi vero consectetuer nulla iusto quod kasd dolor praesent sit.\n","publishDate":"2021-09-05T15:04:37.4230676+00:00"},{"id":11,"title":"Book 11","description":"Justo ut ipsum vulputate nonumy lorem tempor eirmod et accusam eos ea. Ea et diam. Dolor et sanctus dolor consetetur accusam dolor wisi consetetur. Rebum amet feugait diam sit at odio consectetuer sit elit kasd iriure ea et vero consequat ex eirmod. Suscipit ad sanctus magna justo duis ut.\n","pageCount":1100,"excerpt":"Ad no lorem consectetuer at at sit kasd molestie ea sit dolor sit. Kasd nonumy et stet ut nibh in diam eos kasd dolor diam sed stet lorem. Sadipscing ea sea augue eu blandit sanctus tempor dolores lorem elit in duis at sit consequat quod et nisl. Tincidunt et iriure sed sed ut takimata sit dignissim nibh tempor sed dolor. Nam et zzril. Dolor at kasd.\nLorem aliquyam accusam invidunt at iusto vel labore amet consequat duo et ea eos. Nam sit ipsum eros enim sea dolore nulla accusam tincidunt et congue consequat. Quis labore amet in vero sadipscing aliquam dolores quis diam et sadipscing no assum labore est. Ea illum duo invidunt et nulla dolor et in at invidunt amet eros sadipscing assum eirmod adipiscing. Elitr sadipscing dolore ut lorem at erat aliquyam dolore dolores aliquyam eos aliquyam gubergren. Diam et dolore sed vel accusam dolor accusam ea amet consequat clita sea voluptua diam amet sit et id. Facilisis facilisis accusam est eirmod erat diam augue wisi ipsum dolor et labore eos lorem delenit consetetur amet dolore. Sed sadipscing lobortis nulla ipsum molestie eos autem tincidunt sit cum et dolor labore cum lobortis vel magna sed. Invidunt lorem eirmod et. At rebum consetetur dolore diam commodo diam eirmod. Ut ipsum vero labore illum sea esse vulputate gubergren. Sit dolores lorem erat et dolores exerci clita voluptua elit duo volutpat sadipscing erat. Ipsum liber labore.\nClita dolor magna ipsum voluptua illum eos amet. Molestie et aliquyam ipsum velit eirmod accusam lorem. Ex justo rebum dolores.\nSea tempor et tempor dolor ipsum gubergren sit et takimata ut ipsum sed lorem. Voluptua sed molestie invidunt sit. Sit consectetuer sanctus voluptua et tempor.\nAliquyam facilisis id ad clita et in suscipit in ut et sit ea consetetur sit autem. Rebum sed ipsum magna delenit duo dolores. Lorem dolor sanctus rebum sit imperdiet erat erat eos magna. Justo at dolore ipsum dolore sed ex et nostrud consequat. Autem aliquyam iriure lorem ipsum est et ut. Justo sanctus veniam no takimata. No ipsum esse lorem et eirmod at takimata diam. Luptatum invidunt diam invidunt est et.\n","publishDate":"2021-09-04T15:04:37.4231197+00:00"},{"id":12,"title":"Book 12","description":"Eos diam erat elit nonummy vero. Dolores est ut sit gubergren. Labore eirmod labore ipsum clita quis stet kasd. Nisl kasd in clita at ea dolores ipsum magna diam et et erat sed. Lobortis tempor aliquyam amet. Tempor dolore adipiscing sadipscing magna. Et sea rebum duo. Nonumy sed stet dolor sit feugait magna takimata nostrud tempor eu at duo elit lorem. Nisl ipsum dolor. Wisi sit stet exerci rebum erat no erat dolor dolor et ipsum elitr. Justo magna nihil magna diam dolor sit ipsum amet invidunt et ipsum et amet dolor.\n","pageCount":1200,"excerpt":"Clita magna commodo no autem dolore illum sadipscing stet at nulla at kasd sed dolores liber invidunt. Dolores amet sanctus. Duis consequat gubergren dolore gubergren elitr rebum et sed sadipscing labore et zzril nonumy vel possim. Labore sed lorem magna et ea vero soluta aliquyam labore et ipsum amet diam molestie placerat labore. Magna lorem lorem adipiscing duo. Feugiat in no vero et dolore sed et. Facilisi rebum in sit sit nonumy amet velit ipsum. Diam autem at. Clita qui vero sit diam veniam sea.\nDolore consetetur odio no magna sadipscing vulputate sed aliquam. Nisl kasd at lorem ipsum in aliquyam laoreet gubergren magna duis elitr clita. Sea volutpat adipiscing illum assum et et stet at et et lorem lorem facilisis est no consequat. Nobis invidunt blandit diam et magna vero placerat aliquyam illum. Sea lobortis suscipit dolor sit eu dolore lorem et at tation dolore molestie sit et. Dolore duo labore voluptua dolores consequat clita elitr et et. Sea nonumy aliquip sea doming sit eos ut dolores rebum dolore odio at ut et diam sed stet in. Amet diam magna vero ut consectetuer et erat et ipsum dolores. Sadipscing in amet vel sadipscing clita labore clita vel magna blandit elitr ea ea eirmod ut voluptua amet. Amet kasd ea aliquyam ut dolor duo vero lorem magna tempor duo hendrerit accusam dolor est. Voluptua facer sanctus lorem sed iriure erat dolor sit luptatum tempor vel sanctus duo voluptua accusam dolore. Sed nostrud clita erat lobortis consetetur adipiscing et dolor sadipscing gubergren nonumy ut erat justo. Sed iusto sanctus id ea. Sit enim et gubergren stet dolore diam dolor ipsum. Stet dolore eum vero hendrerit ad no doming accusam.\nDiam nulla et kasd nonumy lorem soluta stet option nonumy dolor option. Consetetur sed erat et est invidunt lorem dolores aliquyam delenit ea eu dolore. Nonumy commodo invidunt tempor gubergren voluptua sit sed ipsum. Vulputate aliquyam dolore nulla diam sit invidunt ea invidunt labore tincidunt suscipit nostrud et sit tempor. Molestie feugait ipsum nonummy et et molestie amet voluptua in stet sit odio erat amet aliquam justo sed. Wisi lorem feugiat duis sit ipsum sea te sed praesent nonumy minim. Sanctus dolores ipsum justo kasd consetetur eirmod erat vel justo sed sit consequat duo ipsum sed ut ea et. Ipsum eirmod vero no imperdiet diam dolore elitr ad. Wisi amet labore clita ipsum dolor ea sanctus dolore consetetur est sit in. Gubergren illum no consequat takimata facilisis nulla diam sed sadipscing et dolor velit sea molestie vero stet vulputate. Ipsum labore ea ipsum erat ipsum elit dolores diam consetetur invidunt tempor lorem possim sadipscing consequat. Labore tempor clita possim in sed diam tempor facer consetetur amet feugait sadipscing hendrerit et amet kasd iusto. Invidunt sed ipsum lorem dolores clita sadipscing nonumy tation labore eu kasd nonummy vero amet stet in. Tempor invidunt autem consetetur ipsum vel duis sit ut ullamcorper consetetur id amet ea cum. Invidunt rebum dolores amet dolor option erat assum. Est rebum accusam et aliquyam invidunt sea clita.\nRebum magna nonumy zzril doming in voluptua diam et at. Blandit lorem erat augue sea ea kasd elitr in lorem. Sadipscing erat dolore duis et aliquip dolor clita. Aliquyam est duo ea et sed iriure ullamcorper vero et. Dolor ut takimata diam justo stet ea invidunt consetetur et stet ipsum consequat dolore lorem nulla dolores consetetur. Ad ex diam accusam tincidunt accusam ea eirmod et dolores et diam dolores invidunt rebum eirmod dolores. Justo sit magna takimata vel. Mazim erat justo molestie.\nAutem lorem sit elitr veniam lorem feugait vel sed. Ipsum zzril diam. Diam wisi lorem ea justo accusam aliquyam dolore tempor odio dolore delenit takimata no dolore sed delenit amet invidunt. Tempor et dolore rebum iriure eleifend. Sed consectetuer et et eirmod dolor rebum lorem nulla sed duo sed magna commodo diam quis eleifend molestie. Eos aliquam duo nostrud elit imperdiet erat sadipscing imperdiet rebum.\n","publishDate":"2021-09-03T15:04:37.423209+00:00"},{"id":13,"title":"Book 13","description":"Duo sed nam sea vulputate ipsum feugait at delenit commodo dolore delenit enim. Dolor dolor et aliquip dolore vero diam diam diam nam erat invidunt consetetur. Tation dolore in consequat gubergren ut nulla dolore nulla option velit lorem invidunt ut velit sadipscing sit. Lobortis accusam vero accumsan kasd aliquam eos sit volutpat dolore stet. Zzril ad vero eros labore rebum nonumy sed duo. At stet kasd dolor wisi vel invidunt ad takimata erat ipsum ut adipiscing ipsum dolores tempor gubergren amet erat. Eos kasd et. Tempor no aliquip eos dolor elitr sed dolores euismod et tation et sed ipsum lorem tincidunt ut iriure. Lorem nonumy aliquyam duis ea magna labore labore no feugait. Sit facilisis consetetur sit diam iriure lorem consetetur facilisis iriure aliquam imperdiet dolores no rebum sit justo est. Ullamcorper et ipsum et dolore praesent sea sed et eirmod eirmod ex labore consequat rebum voluptua. Sea stet commodo eum lorem stet et. Diam vel dolores. Amet doming rebum consequat tation et. Autem dolor tempor eos amet facilisi clita duis elitr elitr liber accusam et dolor amet nonumy at. Stet amet illum consequat sadipscing lorem eos takimata ex ipsum feugait clita euismod lorem ipsum dolores. Amet no est vulputate magna vulputate est invidunt rebum clita eum sit liber. Eos dolor rebum aliquyam. At consetetur takimata aliquyam sed ipsum ipsum lorem et sadipscing nonumy ipsum et at.\n","pageCount":1300,"excerpt":"Consequat consetetur et. Ipsum ad accusam diam lorem tempor kasd diam. Iriure dolore est vero no feugiat nulla feugiat clita sanctus molestie dolor et ut eu ipsum. Qui voluptua ut magna takimata consetetur et adipiscing ut sed.\nAmet no erat et dolores nihil ut magna consetetur sadipscing dolor magna nonumy et dolor lorem gubergren amet. Et diam magna sit molestie et takimata consetetur. Justo dolor qui takimata voluptua rebum dolore ut consequat justo eos esse. Est nulla eirmod et amet vel takimata ut dolor clita et sit sea sit lorem. Eos diam dolores sed nonumy amet invidunt duo labore duis aliquip magna iriure amet nulla amet sed tempor. Duis delenit zzril sit facer te nam amet amet doming aliquip voluptua ipsum no vero diam elitr. Diam diam iusto velit nonumy consequat accusam at nonumy nibh sea et vero clita sadipscing. Duo lorem eleifend. Gubergren duis sadipscing. Amet sed feugiat in nonummy consetetur. Feugiat soluta takimata invidunt lorem sit clita sadipscing accumsan takimata ea cum et aliquam. Dolor minim vero eirmod. Takimata nulla nulla dolores vero invidunt dolore no eos dolores dolor accusam. Eos amet tincidunt vero gubergren eos. In elitr ipsum et voluptua vero sadipscing eu ut eu. Eirmod magna illum facilisi kasd erat accusam elitr diam ipsum nisl. Justo erat sed lobortis amet commodo eos erat sit lorem amet diam hendrerit et nam sea in. Duis wisi ipsum erat eum ea duo iriure sed sit veniam sea esse duo.\nDuis sed gubergren quod ea tempor qui duis dolores. Magna clita ut nisl accusam ut sadipscing rebum lorem at erat dolor kasd. Voluptua consetetur labore et no commodo at rebum stet nulla amet rebum facilisi et.\nLorem accumsan ipsum labore erat ea elitr dolor hendrerit consequat tempor dolor lorem lorem invidunt et magna et accumsan. Amet dolores eos diam aliquyam dolores praesent et amet amet lorem. Dolore ea tempor dolores et sit tempor ut aliquam justo dolor clita praesent vulputate diam dolor consetetur. Justo sanctus diam autem sed stet dolor vel vel. Et sadipscing ipsum aliquip duo. Justo dolore sed diam erat vel diam facer sanctus dolore labore dolor no praesent takimata justo. Diam nonumy sanctus ea dolore assum.\nEt voluptua amet dolores justo dolor vero sadipscing. Kasd tempor ut vero et eu lorem consetetur consectetuer no molestie elitr dolore minim voluptua erat ipsum magna. Wisi wisi sea lorem nostrud rebum gubergren dolor nostrud nonumy magna vulputate. Takimata et enim commodo lorem sit diam amet in sanctus duis eum est duo diam eu elitr. Nobis aliquip ut. Justo et eos sit no labore. Justo diam sit amet labore sadipscing diam nostrud at et nulla velit erat feugiat. Soluta magna eirmod eleifend sed kasd clita illum voluptua accusam stet accumsan congue dolore nonumy zzril et iusto sed. Vulputate et tempor nostrud vero ea consetetur duo magna est nonumy aliquip ut stet at elitr. Consetetur diam vero eros et vulputate diam ut kasd nonumy.\n","publishDate":"2021-09-02T15:04:37.4232968+00:00"},{"id":14,"title":"Book 14","description":"Duis dolores consectetuer sadipscing et ex diam nibh et accusam takimata ut sed amet at odio. Magna at sanctus sit ut aliquyam sit vel. Quis congue diam et kasd eum facilisis.\n","pageCount":1400,"excerpt":"Kasd placerat dolor consetetur dolor ut sit amet. Et autem amet dolor diam dolor ad est sadipscing sea eos ea elitr gubergren dolor duo vero dolores ea. Dolore voluptua et ipsum labore erat amet magna eum nonumy ex tempor ipsum et. Lorem gubergren nostrud invidunt et nulla lorem tincidunt voluptua no tempor no esse eirmod gubergren veniam amet. Amet nisl accusam vel et et amet eos vero et takimata est in ullamcorper mazim amet. Dolore nam ipsum clita accusam illum gubergren vel. Amet vero invidunt invidunt ipsum rebum elitr lorem magna accusam sea vel et invidunt. Ut magna eu autem. Sit eirmod ipsum sanctus minim aliquyam soluta tincidunt in sed vero consequat. Dolor dolor tincidunt sed. Sed nibh sed justo.\nLabore labore et tempor. Rebum eos magna dolore amet invidunt diam consetetur dolor enim in facilisi no sed congue gubergren gubergren lorem sanctus. Dolor in dolor ut sed accusam vero tempor justo labore dolor justo nonumy ut voluptua nonumy stet nulla. Lorem amet gubergren blandit invidunt vel dolore quis no et lorem duis dolore. No justo erat amet at diam. Dolores consetetur et sea eu diam ut ut kasd labore diam suscipit lorem dolor ea duis gubergren. Dolores justo volutpat vero in. Dolor commodo ipsum dolor takimata ut est. Stet takimata hendrerit sed option eu dignissim clita at. Lorem dolore amet amet tempor accusam lorem voluptua. At nulla adipiscing amet amet dolor labore eos sadipscing et kasd. Et et accusam et clita autem. Aliquyam ipsum duo nostrud assum magna et et aliquyam diam amet sed aliquyam lorem takimata hendrerit diam augue gubergren. Molestie ut nostrud eos dolore est odio diam clita eirmod. Et sed sanctus takimata sit ut sit consetetur at lorem assum diam amet. Ea exerci no delenit elitr. Eu sadipscing diam voluptua et ea rebum lorem te amet ipsum diam rebum invidunt iusto.\nVeniam elit sit lorem feugiat velit nulla in sanctus kasd ea in exerci consequat adipiscing diam at takimata no. Sed sadipscing sadipscing amet amet sed dignissim sanctus ipsum duo nulla magna sed. No et stet. Zzril dolor lorem ea tation dolor vero et. Est no rebum magna. Ea amet diam et aliquyam eirmod erat justo velit eum ipsum at justo tempor clita sadipscing adipiscing sed voluptua. Lorem consetetur accumsan. Dolor dolor justo sit dolore ut. Dolor consequat autem diam nulla autem at accusam nostrud accusam ipsum. Sed autem aliquam aliquyam dolore. Ipsum erat vel gubergren facilisis sed zzril elitr eirmod. Duo takimata sea et duo gubergren ea ut clita diam tempor accusam voluptua takimata eos. Id luptatum tempor aliquip accusam sit est kasd duo eum accusam voluptua tempor sanctus dolor eu erat duo. Amet et sadipscing soluta sadipscing duo consequat elitr gubergren lorem diam takimata no consequat rebum diam. Lorem dolore elitr erat nisl elit sit sea eos clita labore praesent consetetur vulputate hendrerit tation tempor erat.\nGubergren odio stet duis sit ea no gubergren stet takimata volutpat elitr ipsum nostrud ipsum sadipscing clita. Sit dolore justo ipsum exerci praesent diam velit. Elitr ipsum diam justo erat feugiat molestie consequat nulla veniam imperdiet dolor vel dolores. Esse magna gubergren consetetur ea dolor laoreet no iusto nibh kasd amet nostrud elit consectetuer magna sed est. Magna sed ea diam labore voluptua sed consetetur diam aliquyam amet dolores facilisi facilisi. Amet ea ipsum accusam lorem sadipscing accusam autem. Justo ex dolore. Diam ipsum tation ut ea takimata ut et ipsum sanctus eleifend eleifend at et euismod sea ea labore. Est nihil magna eros et invidunt labore et rebum est aliquyam amet sed et. Duo est rebum.\nVulputate ipsum praesent rebum amet consetetur. Placerat esse sanctus exerci nulla rebum sanctus sit clita et erat elitr ipsum. Dolor voluptua accusam eros takimata odio dolore ipsum facilisi rebum at. Magna molestie eros ea tempor diam ut wisi nostrud nonumy labore accusam diam sed illum. Sit gubergren accusam stet feugait. Duo sed eros ut sit at gubergren hendrerit nostrud dolore. Sea nonumy elitr delenit ut.\n","publishDate":"2021-09-01T15:04:37.4233961+00:00"},{"id":15,"title":"Book 15","description":"Ea aliquyam consectetuer amet et duis diam consetetur ut eos. Erat nonumy amet. Possim clita ut stet sit luptatum et no iriure diam at duo lorem. Duis doming diam kasd at exerci nulla clita et amet. Sanctus erat elitr eleifend assum gubergren veniam. Dolor est sed velit tempor gubergren et ipsum molestie eros at labore dolor autem dolores. Kasd ullamcorper nobis eum tempor rebum diam rebum sed vel. Dolores esse lorem dolor ipsum sed stet accusam erat sit ipsum et. Tempor sit ipsum sed sed aliquam eirmod. Dolor dolores ipsum amet eos ipsum ut soluta voluptua nulla et accusam est labore dolor. Eu rebum stet justo labore aliquyam feugait et. Consequat dolor vero et praesent aliquyam sit ut tempor duo tincidunt voluptua lorem duo id tempor clita sit. Magna luptatum accumsan labore. Eirmod magna no eos dolor nobis ipsum kasd dolores iusto ad vero duo iusto.\n","pageCount":1500,"excerpt":"Aliquyam lorem duis. Erat aliquip nonumy diam illum eos gubergren dolore sed enim accusam dolor ipsum dolor. Sanctus imperdiet duo lorem elitr wisi est illum amet lorem accusam kasd in. Assum sit est tempor dolor lorem consetetur illum vel rebum justo vero ea diam accusam. Dolores dolore nonumy diam ut esse aliquam volutpat tation rebum tempor ut dolores ea. Placerat accusam sit sanctus tempor ipsum ipsum no et dolor ea in sadipscing amet invidunt. Consequat ea stet gubergren amet lorem lorem dolore duo. Diam sed lorem lorem diam et amet et et praesent ea tempor eos vel sit in. Gubergren autem dolor accusam eos molestie erat. Sadipscing accusam nulla et aliquyam dolor luptatum esse aliquyam lorem ipsum lorem amet adipiscing et et amet est ea. Sed aliquyam quod justo vel ullamcorper dolor sed. Feugiat et et euismod sed. Illum rebum eos takimata. Esse gubergren at sit labore lorem dolor dolor accusam minim sanctus et autem diam commodo vero placerat. Erat diam takimata voluptua duis vel dolor justo amet dolores dignissim erat augue sed et dolore consequat magna. Est ut labore ut sit duo. Dolore soluta blandit aliquip est vero labore ut gubergren labore assum. Justo est facilisis duo duo ipsum elit sadipscing. Tincidunt luptatum ea exerci feugait.\nDiam dolor eos eros invidunt gubergren erat sit consectetuer eros dolores sit invidunt sed. Et stet doming ut dolore odio rebum dolor. Nonumy sanctus autem consequat amet gubergren. Rebum vel magna. Dolore facilisis sed tation vero facer eirmod nobis sanctus duo accusam dignissim iriure tation est erat. Eos stet takimata ipsum clita dolor sadipscing erat ea et et justo sanctus ut gubergren doming labore erat vero. Est ipsum erat nulla sit quis diam. Consequat at lobortis dolores invidunt feugiat at ullamcorper justo. Sit takimata augue vulputate tempor et magna feugiat eum facer aliquam. Aliquyam invidunt amet zzril ipsum voluptua gubergren sed vero tempor sadipscing. Ea ipsum et ut sed justo luptatum consequat zzril sed amet et laoreet et et ipsum.\nSed dolore aliquyam zzril feugiat takimata duo sed lorem aliquyam consequat. Amet feugiat sadipscing minim exerci. Consetetur sit et.\nSit takimata suscipit et sit. Sit elitr hendrerit invidunt invidunt dolor kasd. Takimata aliquyam iusto no dolor ut. Clita duo dolores duo consetetur. Eirmod tempor et diam sed augue at et sit diam. Duo eirmod nam amet no justo eirmod sed invidunt vel invidunt justo dolor kasd et sea. Aliquyam diam clita nonumy stet nibh dolores. Amet facer ea rebum kasd duis magna clita molestie et. Eros aliquyam magna sed elit. Takimata euismod elitr voluptua et magna vero sit consequat nisl minim ipsum enim sit tempor. Laoreet euismod est sed ipsum lorem eos et minim sadipscing et. Duis vel volutpat et esse eirmod magna aliquip amet dignissim et takimata facilisis facilisis praesent. Invidunt kasd aliquyam gubergren amet et voluptua. Stet eros sed tempor no dolore in ad lobortis veniam. Stet et erat sit gubergren sit et elitr wisi ea dolor aliquyam erat lorem rebum facer et diam invidunt. Sadipscing justo sed sadipscing sit eos tempor sed ipsum dolores vero diam ea quod eirmod. Nibh kasd dolor vulputate labore dolores eum sanctus ad nonumy amet et nonumy.\nSanctus te elitr at justo dolore vulputate no magna magna et. Euismod sit lorem elitr dolores kasd. Hendrerit dolor sadipscing ut feugiat liber sanctus ipsum eu lorem labore et et sit tincidunt dolor. Amet clita autem elitr id. Magna magna tempor et sea enim dolor sed ea eos odio quis nonumy at sanctus. Voluptua nostrud kasd vero sadipscing at ut kasd dolor ullamcorper accusam gubergren erat vero esse nonumy duis. Duis duo eirmod sed nonummy at rebum adipiscing.\n","publishDate":"2021-08-31T15:04:37.4234856+00:00"},{"id":16,"title":"Book 16","description":"Dolore accusam erat amet at lorem commodo ut dolore et sed. Gubergren ea iriure dolores dolores invidunt dolore facilisis. Sadipscing erat eirmod tempor rebum eros dolore sit ipsum dolore iusto iriure rebum elitr sit magna. No lorem vero. Nulla vero tempor dolore placerat in vulputate eirmod dolore ut diam. Hendrerit iriure labore tempor vero ipsum takimata tempor nihil. Aliquyam rebum kasd augue odio ullamcorper facilisi aliquyam lorem sadipscing sit est diam vel veniam wisi at et et. Kasd at ea ea aliquyam vero eos.\n","pageCount":1600,"excerpt":"Diam voluptua stet aliquyam amet stet lobortis diam magna dolore sed aliquyam sanctus at magna eum gubergren ea lorem. Et lorem dolores facilisis et sit vero consequat et placerat dolor eu duo. Liber stet delenit elitr dolores tempor duis dolore magna labore sadipscing ea erat stet nonumy amet clita diam odio. Kasd rebum ipsum.\nDolores takimata dolores diam et zzril eos. Et erat lobortis delenit in amet ipsum. Tempor sanctus invidunt duis gubergren ut magna et duis et. Consequat tempor sit nonumy vero stet ut. Dolor ea labore facilisis duo sit dignissim accusam duis feugiat justo sea ipsum ut diam dolor vulputate consetetur. Dolor nonummy dolore dolor justo adipiscing duis. Facilisis justo et esse enim consetetur amet et et ipsum sanctus wisi sanctus amet amet. Diam dolore consequat at diam amet sed dolore eos dolores vero ipsum nonumy duo sanctus. Dolor luptatum justo soluta ipsum eirmod blandit nonumy sadipscing dolore et erat erat volutpat nonummy dolor lorem. Amet nostrud lorem duis magna dolore dolor lorem option dolore lorem dolore eu dolores. Exerci sadipscing iusto elitr dolore aliquip tempor sanctus esse facilisi dolor vulputate et. Voluptua duo gubergren nibh et consectetuer feugait vero.\nEos ipsum ut hendrerit amet sanctus sed dolore adipiscing invidunt nulla facilisis. Diam lorem takimata sanctus sit sanctus sadipscing elitr elit accusam dolore dolor ut erat duo eirmod sadipscing elitr nonumy. Qui et invidunt duo magna aliquyam accusam voluptua clita iriure kasd nonummy ipsum amet dolor. Duo voluptua esse et gubergren commodo et. Hendrerit gubergren dolor duo et diam eum commodo eos consetetur justo sadipscing accusam sed. Voluptua amet commodo voluptua. Et invidunt sit eirmod amet. Accusam sed magna feugait diam stet vulputate gubergren illum commodo consequat magna nobis feugiat nisl. Voluptua vulputate diam clita amet elitr ea tempor vulputate kasd euismod nonumy eirmod consetetur ea gubergren. Nonumy no et vero invidunt diam no hendrerit assum diam lorem consetetur. Sed tempor eos et nulla.\nIpsum nulla molestie stet et ut esse eirmod ea iriure euismod invidunt. E
[...]
<status status="PASS" starttime="20210915 12:04:49.091" endtime="20210915 12:04:49.136"/>
</kw>
<kw name="Set Test Variable" library="BuiltIn">
<arg>${Resposta}</arg>
<doc>Makes a variable available everywhere within the scope of the current test.</doc>
<msg timestamp="20210915 12:04:49.137" level="INFO">${Resposta} = &lt;Response [200]&gt;</msg>
<status status="PASS" starttime="20210915 12:04:49.136" endtime="20210915 12:04:49.137"/>
</kw>
<status status="PASS" starttime="20210915 12:04:35.063" endtime="20210915 12:04:49.137"/>
</kw>
<kw name="Conferir o status code" library="configBooks">
<arg>200</arg>
<kw name="Should Be Equal As Strings" library="BuiltIn">
<arg>${Resposta.status_code}</arg>
<arg>${STATUSCODE_DESEJADO}</arg>
<doc>Fails if objects are unequal after converting them to strings.</doc>
<msg timestamp="20210915 12:04:49.140" level="INFO">Argument types are:
&lt;class 'int'&gt;
&lt;type 'unicode'&gt;</msg>
<status status="PASS" starttime="20210915 12:04:49.139" endtime="20210915 12:04:49.141"/>
</kw>
<status status="PASS" starttime="20210915 12:04:49.138" endtime="20210915 12:04:49.141"/>
</kw>
<kw name="Conferir o reason" library="configBooks">
<arg>OK</arg>
<kw name="Should Be Equal As Strings" library="BuiltIn">
<arg>${Resposta.reason}</arg>
<arg>${STATUSCODE_REASON}</arg>
<doc>Fails if objects are unequal after converting them to strings.</doc>
<status status="PASS" starttime="20210915 12:04:49.142" endtime="20210915 12:04:49.144"/>
</kw>
<status status="PASS" starttime="20210915 12:04:49.142" endtime="20210915 12:04:49.144"/>
</kw>
<kw name="Conferir se retorna uma lista com &quot;200&quot; livros" library="configBooks" sourcename="Conferir se retorna uma lista com &quot;${Qntde_livros}&quot; livros">
<kw name="Length Should Be" library="BuiltIn">
<arg>${Resposta.json()}</arg>
<arg>${Qntde_livros}</arg>
<doc>Verifies that the length of the given item is correct.</doc>
<msg timestamp="20210915 12:04:49.152" level="INFO">Length is 200</msg>
<status status="PASS" starttime="20210915 12:04:49.145" endtime="20210915 12:04:49.153"/>
</kw>
<status status="PASS" starttime="20210915 12:04:49.145" endtime="20210915 12:04:49.153"/>
</kw>
<status status="PASS" starttime="20210915 12:04:35.062" endtime="20210915 12:04:49.154"/>
</test>
<test id="s1-t2" name="CT02: Buscar um livro especifico (GET em um livro especifico)">
<kw name="Requisitar o livro &quot;15&quot;" library="configBooks" sourcename="Requisitar o livro &quot;${ID_LIVRO}&quot;">
<kw name="Get On Session" library="RequestsLibrary">
<var>${Resposta}</var>
<arg>fakeAPI</arg>
<arg>Books/${ID_LIVRO}</arg>
<doc>Sends a GET request on a previously created HTTP Session.</doc>
<msg timestamp="20210915 12:04:49.419" level="INFO">GET Request : url=https://fakerestapi.azurewebsites.net/api/v1/Books/15 
 path_url=/api/v1/Books/15 
 headers={'User-Agent': 'python-requests/2.25.1', 'Accept-Encoding': 'gzip, deflate', 'Accept': '*/*', 'Connection': 'keep-alive'} 
 body=None 
 </msg>
<msg timestamp="20210915 12:04:49.420" level="INFO">GET Response : url=https://fakerestapi.azurewebsites.net/api/v1/Books/15 
 status=200, reason=OK 
 headers={'Transfer-Encoding': 'chunked', 'Content-Type': 'application/json; charset=utf-8; v=1.0', 'Server': 'Kestrel', 'api-supported-versions': '1.0', 'Date': 'Wed, 15 Sep 2021 15:04:50 GMT'} 
 body={"id":15,"title":"Book 15","description":"Nonumy consetetur nulla consectetuer dolore ut et enim gubergren. Amet tempor rebum et eos takimata et no duo aliquyam duis lorem dolor amet justo sed nam vero. Accusam diam rebum facilisi diam nisl euismod eos rebum ad vel. Gubergren voluptua erat aliquyam te ad autem gubergren stet elitr eu sit et. Eos sed dolores at sit amet ut ut dolor amet gubergren nisl nonumy. Consetetur sadipscing exerci accusam eos et consequat vero lorem. Nulla ea clita dolore aliquyam accusam eirmod eum adipiscing. Invidunt option lobortis duo tincidunt. Vero sit amet dolor sed stet eirmod commodo sit ea molestie. Dolores sit dolor et et soluta magna et magna zzril feugiat clita lorem gubergren dolores. Diam at sit lorem et sed lorem nonumy et vero dolor elitr stet accusam. Est diam tempor rebum sadipscing dolor soluta at illum erat sed hendrerit lorem consequat accusam sea. Ut stet aliquip sit et quis est sed et elitr. At dolor duo laoreet quis sit consetetur suscipit vero nibh. Consequat veniam eirmod et elitr sed. Eu imperdiet ex hendrerit magna feugait clita magna dolor. No esse sed clita sed rebum sea no clita nobis ipsum enim. Stet duis justo iriure et nonumy euismod lorem kasd iusto amet dolores dolor zzril ea in aliquyam invidunt elitr.\n","pageCount":1500,"excerpt":"Rebum dolore ea amet at soluta diam velit consetetur sed eros ut amet dolore sit takimata. Ipsum illum sadipscing dolore sea invidunt in ipsum sit eos sed et accusam enim facilisi. Eu eirmod doming exerci diam elit dolore duo consetetur ipsum. Sit ipsum sanctus in. Tation eu consetetur rebum erat eirmod in rebum tempor sed vel. Est voluptua consequat at dolor magna laoreet odio sanctus. Accumsan labore sea nulla vero eros sit consectetuer ut et dolore dolores sed. Invidunt diam no et sit dolore rebum. In congue eu duo et ut sed sed amet ut amet et et tempor. Magna invidunt clita diam minim erat magna dolores ea accumsan. Et magna at est facilisi gubergren autem voluptua dolor nonumy velit takimata stet qui. Labore erat kasd sit elitr ut ea dolor. At soluta assum dolore minim. Diam duo dolor diam no vero sed diam odio et. Dolore duo et et dolor ipsum molestie sed justo justo quod erat. Aliquyam duo takimata eos invidunt. Gubergren invidunt invidunt. Suscipit autem consequat vulputate at hendrerit consectetuer. Nam aliquyam sed ipsum.\nJusto ullamcorper et justo delenit duo dolore magna in ut labore tempor accusam duo takimata dolor wisi dignissim. In ex dolore tincidunt est dolor esse. Eirmod ipsum voluptua praesent aliquyam dolore erat lorem et. Ipsum et eirmod dolor est quis kasd duo te sit amet takimata dolor lorem volutpat. Gubergren doming quis tempor dolore esse eros sit iusto lorem nulla ut. Labore est sea nulla ea ea dolor vero magna sadipscing ea erat. Dolor consequat dolor ex. Nulla placerat lorem est. Accusam erat volutpat. Delenit nonumy magna ipsum voluptua sed. Dolor elitr ut consetetur erat aliquyam tempor elitr amet feugiat accumsan dolores ex sadipscing takimata autem no facilisi eirmod. Dolore clita voluptua takimata quis ut at dolores volutpat est ipsum sit voluptua. Blandit ea et velit volutpat invidunt dolor iusto rebum dolor. Ut kasd sit duo gubergren justo vero ut dolore tempor exerci facilisis wisi tempor dolore consetetur. Diam consetetur lorem diam amet sit at dolor dolore erat nonumy consequat labore vero. Laoreet ipsum minim et. Dolores erat eleifend commodo rebum labore dolores ut lorem et elit ut sea ipsum dolore ipsum ipsum.\nNo justo diam tempor justo at lorem voluptua elit erat ut. Erat erat sit eu et rebum velit. Et vel et et dolor et voluptua dolore aliquyam tempor nulla sit velit. Doming accusam nihil diam sit erat dolor lorem nobis sit accusam. Dolore velit labore eirmod sed in dolore aliquip blandit stet. Tempor clita invidunt gubergren sanctus congue aliquyam diam in takimata at minim sanctus amet ea stet invidunt elitr. Zzril aliquyam eos eu tempor eirmod est tempor. Sed et vulputate et sea sadipscing exerci congue doming magna et ea at kasd sit. Tincidunt tempor dolor voluptua. Amet duo dolor tation. Exerci sit vero magna invidunt facilisis takimata rebum dignissim eirmod dolore ea est voluptua est sit diam lorem. Laoreet blandit duo enim sadipscing et sit clita invidunt diam eos sea eos te eos duo elit takimata ea. Sea dolor est clita magna diam dolores et tempor dignissim nonumy. Amet labore eos blandit. Dolores consequat ipsum lorem praesent labore sanctus magna tincidunt dolor ea iriure duo nonumy. Kasd gubergren nulla gubergren laoreet sadipscing erat diam magna et vero dolore et diam vel est diam accusam.\nAccusam dolore facilisi dolor consectetuer at blandit lorem dolores labore nibh clita diam sed labore. Elit rebum nonumy at tempor molestie feugiat sit. Ad est facilisis dolores diam consetetur magna sit.\nStet imperdiet duo facilisis aliquam voluptua consetetur justo justo est sit. Magna no accusam labore dolor ut ut labore lorem imperdiet amet ad sanctus kasd ipsum vero invidunt labore sit. At sit lorem consetetur sea tempor amet est. Amet eu molestie. Ex duo elitr eirmod ut at aliquyam quis erat sea diam in at sed dolore. Facilisi erat diam dolore stet facilisis ipsum. Ut nonumy sit sit duo invidunt ad ut gubergren et rebum sed augue amet sanctus kasd et ipsum sanctus. Sed et dolor stet. Sanctus hendrerit justo justo sadipscing tempor commodo et.\n","publishDate":"2021-08-31T15:04:50.1596615+00:00"} 
 </msg>
<msg timestamp="20210915 12:04:49.420" level="INFO">c:\users\andre\appdata\local\programs\python\python39\lib\site-packages\urllib3\connectionpool.py:1013: InsecureRequestWarning: Unverified HTTPS request is being made to host 'fakerestapi.azurewebsites.net'. Adding certificate verification is strongly advised. See: https://urllib3.readthedocs.io/en/latest/advanced-usage.html#ssl-warnings
  warnings.warn(</msg>
<msg timestamp="20210915 12:04:49.422" level="INFO">${Resposta} = &lt;Response [200]&gt;</msg>
<status status="PASS" starttime="20210915 12:04:49.157" endtime="20210915 12:04:49.422"/>
</kw>
<kw name="Log" library="BuiltIn">
<arg>${Resposta.text}</arg>
<doc>Logs the given message with the given level.</doc>
<msg timestamp="20210915 12:04:49.427" level="INFO">{"id":15,"title":"Book 15","description":"Nonumy consetetur nulla consectetuer dolore ut et enim gubergren. Amet tempor rebum et eos takimata et no duo aliquyam duis lorem dolor amet justo sed nam vero. Accusam diam rebum facilisi diam nisl euismod eos rebum ad vel. Gubergren voluptua erat aliquyam te ad autem gubergren stet elitr eu sit et. Eos sed dolores at sit amet ut ut dolor amet gubergren nisl nonumy. Consetetur sadipscing exerci accusam eos et consequat vero lorem. Nulla ea clita dolore aliquyam accusam eirmod eum adipiscing. Invidunt option lobortis duo tincidunt. Vero sit amet dolor sed stet eirmod commodo sit ea molestie. Dolores sit dolor et et soluta magna et magna zzril feugiat clita lorem gubergren dolores. Diam at sit lorem et sed lorem nonumy et vero dolor elitr stet accusam. Est diam tempor rebum sadipscing dolor soluta at illum erat sed hendrerit lorem consequat accusam sea. Ut stet aliquip sit et quis est sed et elitr. At dolor duo laoreet quis sit consetetur suscipit vero nibh. Consequat veniam eirmod et elitr sed. Eu imperdiet ex hendrerit magna feugait clita magna dolor. No esse sed clita sed rebum sea no clita nobis ipsum enim. Stet duis justo iriure et nonumy euismod lorem kasd iusto amet dolores dolor zzril ea in aliquyam invidunt elitr.\n","pageCount":1500,"excerpt":"Rebum dolore ea amet at soluta diam velit consetetur sed eros ut amet dolore sit takimata. Ipsum illum sadipscing dolore sea invidunt in ipsum sit eos sed et accusam enim facilisi. Eu eirmod doming exerci diam elit dolore duo consetetur ipsum. Sit ipsum sanctus in. Tation eu consetetur rebum erat eirmod in rebum tempor sed vel. Est voluptua consequat at dolor magna laoreet odio sanctus. Accumsan labore sea nulla vero eros sit consectetuer ut et dolore dolores sed. Invidunt diam no et sit dolore rebum. In congue eu duo et ut sed sed amet ut amet et et tempor. Magna invidunt clita diam minim erat magna dolores ea accumsan. Et magna at est facilisi gubergren autem voluptua dolor nonumy velit takimata stet qui. Labore erat kasd sit elitr ut ea dolor. At soluta assum dolore minim. Diam duo dolor diam no vero sed diam odio et. Dolore duo et et dolor ipsum molestie sed justo justo quod erat. Aliquyam duo takimata eos invidunt. Gubergren invidunt invidunt. Suscipit autem consequat vulputate at hendrerit consectetuer. Nam aliquyam sed ipsum.\nJusto ullamcorper et justo delenit duo dolore magna in ut labore tempor accusam duo takimata dolor wisi dignissim. In ex dolore tincidunt est dolor esse. Eirmod ipsum voluptua praesent aliquyam dolore erat lorem et. Ipsum et eirmod dolor est quis kasd duo te sit amet takimata dolor lorem volutpat. Gubergren doming quis tempor dolore esse eros sit iusto lorem nulla ut. Labore est sea nulla ea ea dolor vero magna sadipscing ea erat. Dolor consequat dolor ex. Nulla placerat lorem est. Accusam erat volutpat. Delenit nonumy magna ipsum voluptua sed. Dolor elitr ut consetetur erat aliquyam tempor elitr amet feugiat accumsan dolores ex sadipscing takimata autem no facilisi eirmod. Dolore clita voluptua takimata quis ut at dolores volutpat est ipsum sit voluptua. Blandit ea et velit volutpat invidunt dolor iusto rebum dolor. Ut kasd sit duo gubergren justo vero ut dolore tempor exerci facilisis wisi tempor dolore consetetur. Diam consetetur lorem diam amet sit at dolor dolore erat nonumy consequat labore vero. Laoreet ipsum minim et. Dolores erat eleifend commodo rebum labore dolores ut lorem et elit ut sea ipsum dolore ipsum ipsum.\nNo justo diam tempor justo at lorem voluptua elit erat ut. Erat erat sit eu et rebum velit. Et vel et et dolor et voluptua dolore aliquyam tempor nulla sit velit. Doming accusam nihil diam sit erat dolor lorem nobis sit accusam. Dolore velit labore eirmod sed in dolore aliquip blandit stet. Tempor clita invidunt gubergren sanctus congue aliquyam diam in takimata at minim sanctus amet ea stet invidunt elitr. Zzril aliquyam eos eu tempor eirmod est tempor. Sed et vulputate et sea sadipscing exerci congue doming magna et ea at kasd sit. Tincidunt tempor dolor voluptua. Amet duo dolor tation. Exerci sit vero magna invidunt facilisis takimata rebum dignissim eirmod dolore ea est voluptua est sit diam lorem. Laoreet blandit duo enim sadipscing et sit clita invidunt diam eos sea eos te eos duo elit takimata ea. Sea dolor est clita magna diam dolores et tempor dignissim nonumy. Amet labore eos blandit. Dolores consequat ipsum lorem praesent labore sanctus magna tincidunt dolor ea iriure duo nonumy. Kasd gubergren nulla gubergren laoreet sadipscing erat diam magna et vero dolore et diam vel est diam accusam.\nAccusam dolore facilisi dolor consectetuer at blandit lorem dolores labore nibh clita diam sed labore. Elit rebum nonumy at tempor molestie feugiat sit. Ad est facilisis dolores diam consetetur magna sit.\nStet imperdiet duo facilisis aliquam voluptua consetetur justo justo est sit. Magna no accusam labore dolor ut ut labore lorem imperdiet amet ad sanctus kasd ipsum vero invidunt labore sit. At sit lorem consetetur sea tempor amet est. Amet eu molestie. Ex duo elitr eirmod ut at aliquyam quis erat sea diam in at sed dolore. Facilisi erat diam dolore stet facilisis ipsum. Ut nonumy sit sit duo invidunt ad ut gubergren et rebum sed augue amet sanctus kasd et ipsum sanctus. Sed et dolor stet. Sanctus hendrerit justo justo sadipscing tempor commodo et.\n","publishDate":"2021-08-31T15:04:50.1596615+00:00"}</msg>
<status status="PASS" starttime="20210915 12:04:49.422" endtime="20210915 12:04:49.428"/>
</kw>
<kw name="Set Test Variable" library="BuiltIn">
<arg>${Resposta}</arg>
<doc>Makes a variable available everywhere within the scope of the current test.</doc>
<msg timestamp="20210915 12:04:49.431" level="INFO">${Resposta} = &lt;Response [200]&gt;</msg>
<status status="PASS" starttime="20210915 12:04:49.429" endtime="20210915 12:04:49.431"/>
</kw>
<status status="PASS" starttime="20210915 12:04:49.156" endtime="20210915 12:04:49.432"/>
</kw>
<kw name="Conferir o status code" library="configBooks">
<arg>200</arg>
<kw name="Should Be Equal As Strings" library="BuiltIn">
<arg>${Resposta.status_code}</arg>
<arg>${STATUSCODE_DESEJADO}</arg>
<doc>Fails if objects are unequal after converting them to strings.</doc>
<msg timestamp="20210915 12:04:49.440" level="INFO">Argument types are:
&lt;class 'int'&gt;
&lt;type 'unicode'&gt;</msg>
<status status="PASS" starttime="20210915 12:04:49.435" endtime="20210915 12:04:49.441"/>
</kw>
<status status="PASS" starttime="20210915 12:04:49.433" endtime="20210915 12:04:49.442"/>
</kw>
<kw name="Conferir o reason" library="configBooks">
<arg>OK</arg>
<kw name="Should Be Equal As Strings" library="BuiltIn">
<arg>${Resposta.reason}</arg>
<arg>${STATUSCODE_REASON}</arg>
<doc>Fails if objects are unequal after converting them to strings.</doc>
<status status="PASS" starttime="20210915 12:04:49.446" endtime="20210915 12:04:49.453"/>
</kw>
<status status="PASS" starttime="20210915 12:04:49.444" endtime="20210915 12:04:49.454"/>
</kw>
<kw name="Conferir se retorna todos os dados corretos do livro 15" library="configBooks">
<kw name="Dictionary Should Contain Item" library="Collections">
<arg>${Resposta.json()}</arg>
<arg>ID</arg>
<arg>${Book_15.ID}</arg>
<doc>An item of ``key`` / ``value`` must be found in a ``dictionary``.</doc>
<msg timestamp="20210915 12:04:49.466" level="FAIL">Dictionary does not contain key 'ID'.</msg>
<status status="FAIL" starttime="20210915 12:04:49.458" endtime="20210915 12:04:49.466"/>
</kw>
<kw name="Dictionary Should Contain Item" library="Collections">
<arg>${Resposta.json()}</arg>
<arg>title</arg>
<arg>${Book_15.title}</arg>
<doc>An item of ``key`` / ``value`` must be found in a ``dictionary``.</doc>
<status status="NOT RUN" starttime="20210915 12:04:49.467" endtime="20210915 12:04:49.467"/>
</kw>
<kw name="Dictionary Should Contain Item" library="Collections">
<arg>${Resposta.json()}</arg>
<arg>pageCount</arg>
<arg>${Book_15.pageCount}</arg>
<doc>An item of ``key`` / ``value`` must be found in a ``dictionary``.</doc>
<status status="NOT RUN" starttime="20210915 12:04:49.468" endtime="20210915 12:04:49.468"/>
</kw>
<kw name="Should Not Be Empty" library="BuiltIn">
<arg>${Resposta.json()["description"]}</arg>
<doc>Verifies that the given item is not empty.</doc>
<status status="NOT RUN" starttime="20210915 12:04:49.468" endtime="20210915 12:04:49.469"/>
</kw>
<kw name="Should Not Be Empty" library="BuiltIn">
<arg>${Resposta.json()["excerpt"]}</arg>
<doc>Verifies that the given item is not empty.</doc>
<status status="NOT RUN" starttime="20210915 12:04:49.469" endtime="20210915 12:04:49.469"/>
</kw>
<kw name="Should Not Be Empty" library="BuiltIn">
<arg>${Resposta.json()["publishDate"]}</arg>
<doc>Verifies that the given item is not empty.</doc>
<status status="NOT RUN" starttime="20210915 12:04:49.469" endtime="20210915 12:04:49.470"/>
</kw>
<status status="FAIL" starttime="20210915 12:04:49.455" endtime="20210915 12:04:49.470"/>
</kw>
<status status="FAIL" starttime="20210915 12:04:49.155" endtime="20210915 12:04:49.471">Dictionary does not contain key 'ID'.</status>
</test>
<doc>Documentação da API: https://fakerestapi.azurewebsites.net/index.html</doc>
<status status="FAIL" starttime="20210915 12:04:34.760" endtime="20210915 12:04:49.475"/>
</suite>
<statistics>
<total>
<stat pass="1" fail="1" skip="0">All Tests</stat>
</total>
<tag>
</tag>
<suite>
<stat pass="1" fail="1" skip="0" id="s1" name="TesteCase">TesteCase</stat>
</suite>
</statistics>
<errors>
</errors>
</robot>
